# JRE version: OpenJDK Runtime Environment (17.0.10) (build 17.0.10+0--11572160)
# Java VM: OpenJDK 64-Bit Server VM (17.0.10+0--11572160, mixed mode, tiered, compressed oops, compressed class ptrs, g1 gc, windows-amd64)
GC Precious Log:
 CPUs: 16 total, 16 available
 Memory: 15753M
 Large Page Support: Disabled
 NUMA Support: Disabled
 Compressed Oops: Enabled (32-bit)
 Heap Region Size: 1M
 Heap Min Capacity: 8M
 Heap Initial Capacity: 248M
 Heap Max Capacity: 2G
 Pre-touch: Disabled
 Parallel Workers: 13
 Concurrent Workers: 3
 Concurrent Refinement Workers: 13
 Periodic GC: Disabled
Heap:
 garbage-first heap   total 272384K, used 224458K [0x0000000080000000, 0x0000000100000000)
  region size 1024K, 2 young (2048K), 2 survivors (2048K)
 Metaspace       used 115539K, committed 116288K, reserved 1179648K
  class space    used 15902K, committed 16256K, reserved 1048576K
GC Heap History (20 events):
Event: 14.574 GC heap after
{Heap after GC invocations=44 (full 0):
 garbage-first heap   total 175104K, used 102354K [0x0000000080000000, 0x0000000100000000)
  region size 1024K, 5 young (5120K), 5 survivors (5120K)
 Metaspace       used 100021K, committed 100736K, reserved 1179648K
  class space    used 13611K, committed 13952K, reserved 1048576K
}
Event: 14.763 GC heap before
{Heap before GC invocations=44 (full 0):
 garbage-first heap   total 175104K, used 141266K [0x0000000080000000, 0x0000000100000000)
  region size 1024K, 44 young (45056K), 5 survivors (5120K)
 Metaspace       used 100822K, committed 101568K, reserved 1179648K
  class space    used 13700K, committed 14016K, reserved 1048576K
}
Event: 14.767 GC heap after
{Heap after GC invocations=45 (full 0):
 garbage-first heap   total 175104K, used 103167K [0x0000000080000000, 0x0000000100000000)
  region size 1024K, 4 young (4096K), 4 survivors (4096K)
 Metaspace       used 100822K, committed 101568K, reserved 1179648K
  class space    used 13700K, committed 14016K, reserved 1048576K
}
Event: 15.293 GC heap before
{Heap before GC invocations=45 (full 0):
 garbage-first heap   total 175104K, used 142079K [0x0000000080000000, 0x0000000100000000)
  region size 1024K, 43 young (44032K), 4 survivors (4096K)
 Metaspace       used 104635K, committed 105280K, reserved 1179648K
  class space    used 14184K, committed 14464K, reserved 1048576K
}
Event: 15.297 GC heap after
{Heap after GC invocations=46 (full 0):
 garbage-first heap   total 272384K, used 103770K [0x0000000080000000, 0x0000000100000000)
  region size 1024K, 1 young (1024K), 1 survivors (1024K)
 Metaspace       used 104635K, committed 105280K, reserved 1179648K
  class space    used 14184K, committed 14464K, reserved 1048576K
}
Event: 15.929 GC heap before
{Heap before GC invocations=46 (full 0):
 garbage-first heap   total 272384K, used 223578K [0x0000000080000000, 0x0000000100000000)
  region size 1024K, 119 young (121856K), 1 survivors (1024K)
 Metaspace       used 106783K, committed 107584K, reserved 1179648K
  class space    used 14462K, committed 14848K, reserved 1048576K
}
Event: 15.935 GC heap after
{Heap after GC invocations=47 (full 0):
 garbage-first heap   total 272384K, used 110480K [0x0000000080000000, 0x0000000100000000)
  region size 1024K, 8 young (8192K), 8 survivors (8192K)
 Metaspace       used 106783K, committed 107584K, reserved 1179648K
  class space    used 14462K, committed 14848K, reserved 1048576K
}
Event: 16.407 GC heap before
{Heap before GC invocations=47 (full 0):
 garbage-first heap   total 272384K, used 237456K [0x0000000080000000, 0x0000000100000000)
  region size 1024K, 115 young (117760K), 8 survivors (8192K)
 Metaspace       used 108666K, committed 109504K, reserved 1179648K
  class space    used 14699K, committed 15104K, reserved 1048576K
}
Event: 16.415 GC heap after
{Heap after GC invocations=48 (full 0):
 garbage-first heap   total 272384K, used 140684K [0x0000000080000000, 0x0000000100000000)
  region size 1024K, 15 young (15360K), 15 survivors (15360K)
 Metaspace       used 108666K, committed 109504K, reserved 1179648K
  class space    used 14699K, committed 15104K, reserved 1048576K
}
Event: 16.859 GC heap before
{Heap before GC invocations=48 (full 0):
 garbage-first heap   total 272384K, used 230796K [0x0000000080000000, 0x0000000100000000)
  region size 1024K, 74 young (75776K), 15 survivors (15360K)
 Metaspace       used 112350K, committed 113152K, reserved 1179648K
  class space    used 15231K, committed 15616K, reserved 1048576K
}
Event: 16.867 GC heap after
{Heap after GC invocations=49 (full 0):
 garbage-first heap   total 272384K, used 166920K [0x0000000080000000, 0x0000000100000000)
  region size 1024K, 12 young (12288K), 12 survivors (12288K)
 Metaspace       used 112350K, committed 113152K, reserved 1179648K
  class space    used 15231K, committed 15616K, reserved 1048576K
}
Event: 17.117 GC heap before
{Heap before GC invocations=49 (full 0):
 garbage-first heap   total 272384K, used 235528K [0x0000000080000000, 0x0000000100000000)
  region size 1024K, 65 young (66560K), 12 survivors (12288K)
 Metaspace       used 112632K, committed 113408K, reserved 1179648K
  class space    used 15273K, committed 15680K, reserved 1048576K
}
Event: 17.130 GC heap after
{Heap after GC invocations=50 (full 0):
 garbage-first heap   total 272384K, used 192512K [0x0000000080000000, 0x0000000100000000)
  region size 1024K, 9 young (9216K), 9 survivors (9216K)
 Metaspace       used 112632K, committed 113408K, reserved 1179648K
  class space    used 15273K, committed 15680K, reserved 1048576K
}
Event: 17.267 GC heap before
{Heap before GC invocations=50 (full 0):
 garbage-first heap   total 272384K, used 226304K [0x0000000080000000, 0x0000000100000000)
  region size 1024K, 38 young (38912K), 9 survivors (9216K)
 Metaspace       used 112659K, committed 113536K, reserved 1179648K
  class space    used 15274K, committed 15680K, reserved 1048576K
}
Event: 17.281 GC heap after
{Heap after GC invocations=51 (full 0):
 garbage-first heap   total 272384K, used 208198K [0x0000000080000000, 0x0000000100000000)
  region size 1024K, 5 young (5120K), 5 survivors (5120K)
 Metaspace       used 112659K, committed 113536K, reserved 1179648K
  class space    used 15274K, committed 15680K, reserved 1048576K
}
Event: 17.434 GC heap before
{Heap before GC invocations=51 (full 0):
 garbage-first heap   total 272384K, used 225606K [0x0000000080000000, 0x0000000100000000)
  region size 1024K, 23 young (23552K), 5 survivors (5120K)
 Metaspace       used 113986K, committed 114816K, reserved 1179648K
  class space    used 15571K, committed 15936K, reserved 1048576K
}
Event: 17.444 GC heap after
{Heap after GC invocations=52 (full 0):
 garbage-first heap   total 272384K, used 213596K [0x0000000080000000, 0x0000000100000000)
  region size 1024K, 3 young (3072K), 3 survivors (3072K)
 Metaspace       used 113986K, committed 114816K, reserved 1179648K
  class space    used 15571K, committed 15936K, reserved 1048576K
}
Event: 17.524 GC heap before
{Heap before GC invocations=52 (full 0):
 garbage-first heap   total 272384K, used 227932K [0x0000000080000000, 0x0000000100000000)
  region size 1024K, 18 young (18432K), 3 survivors (3072K)
 Metaspace       used 115432K, committed 116224K, reserved 1179648K
  class space    used 15901K, committed 16256K, reserved 1048576K
}
Event: 17.529 GC heap after
{Heap after GC invocations=53 (full 0):
 garbage-first heap   total 272384K, used 218092K [0x0000000080000000, 0x0000000100000000)
  region size 1024K, 3 young (3072K), 3 survivors (3072K)
 Metaspace       used 115432K, committed 116224K, reserved 1179648K
  class space    used 15901K, committed 16256K, reserved 1048576K
}
Event: 17.571 GC heap before
{Heap before GC invocations=53 (full 0):
 garbage-first heap   total 272384K, used 231404K [0x0000000080000000, 0x0000000100000000)
  region size 1024K, 16 young (16384K), 3 survivors (3072K)
 Metaspace       used 115539K, committed 116288K, reserved 1179648K
  class space    used 15902K, committed 16256K, reserved 1048576K
}

