# JRE version: OpenJDK Runtime Environment (17.0.10) (build 17.0.10+0--11572160)
# Java VM: OpenJDK 64-Bit Server VM (17.0.10+0--11572160, mixed mode, tiered, compressed oops, compressed class ptrs, g1 gc, windows-amd64)
GC Precious Log:
 CPUs: 16 total, 16 available
 Memory: 15753M
 Large Page Support: Disabled
 NUMA Support: Disabled
 Compressed Oops: Enabled (32-bit)
 Heap Region Size: 1M
 Heap Min Capacity: 8M
 Heap Initial Capacity: 248M
 Heap Max Capacity: 2G
 Pre-touch: Disabled
 Parallel Workers: 13
 Concurrent Workers: 3
 Concurrent Refinement Workers: 13
 Periodic GC: Disabled
Heap:
 garbage-first heap   total 314368K, used 159744K [0x0000000080000000, 0x0000000100000000)
  region size 1024K, 15 young (15360K), 2 survivors (2048K)
 Metaspace       used 112340K, committed 113216K, reserved 1179648K
  class space    used 14985K, committed 15424K, reserved 1048576K
GC Heap History (20 events):
Event: 28.445 GC heap before
{Heap before GC invocations=40 (full 0):
 garbage-first heap   total 157696K, used 95325K [0x0000000080000000, 0x0000000100000000)
  region size 1024K, 7 young (7168K), 2 survivors (2048K)
 Metaspace       used 68304K, committed 68992K, reserved 1114112K
  class space    used 9189K, committed 9536K, reserved 1048576K
}
Event: 28.449 GC heap after
{Heap after GC invocations=41 (full 0):
 garbage-first heap   total 157696K, used 89815K [0x0000000080000000, 0x0000000100000000)
  region size 1024K, 1 young (1024K), 1 survivors (1024K)
 Metaspace       used 68304K, committed 68992K, reserved 1114112K
  class space    used 9189K, committed 9536K, reserved 1048576K
}
Event: 29.128 GC heap before
{Heap before GC invocations=41 (full 0):
 garbage-first heap   total 157696K, used 127703K [0x0000000080000000, 0x0000000100000000)
  region size 1024K, 38 young (38912K), 1 survivors (1024K)
 Metaspace       used 72163K, committed 72832K, reserved 1114112K
  class space    used 9687K, committed 9984K, reserved 1048576K
}
Event: 29.137 GC heap after
{Heap after GC invocations=42 (full 0):
 garbage-first heap   total 366592K, used 91251K [0x0000000080000000, 0x0000000100000000)
  region size 1024K, 2 young (2048K), 2 survivors (2048K)
 Metaspace       used 72163K, committed 72832K, reserved 1114112K
  class space    used 9687K, committed 9984K, reserved 1048576K
}
Event: 32.151 GC heap before
{Heap before GC invocations=43 (full 0):
 garbage-first heap   total 314368K, used 283763K [0x0000000080000000, 0x0000000100000000)
  region size 1024K, 184 young (188416K), 2 survivors (2048K)
 Metaspace       used 82603K, committed 83328K, reserved 1179648K
  class space    used 11166K, committed 11456K, reserved 1048576K
}
Event: 32.161 GC heap after
{Heap after GC invocations=44 (full 0):
 garbage-first heap   total 314368K, used 104236K [0x0000000080000000, 0x0000000100000000)
  region size 1024K, 14 young (14336K), 14 survivors (14336K)
 Metaspace       used 82603K, committed 83328K, reserved 1179648K
  class space    used 11166K, committed 11456K, reserved 1048576K
}
Event: 32.175 GC heap before
{Heap before GC invocations=44 (full 0):
 garbage-first heap   total 314368K, used 105260K [0x0000000080000000, 0x0000000100000000)
  region size 1024K, 15 young (15360K), 14 survivors (14336K)
 Metaspace       used 82683K, committed 83456K, reserved 1179648K
  class space    used 11181K, committed 11520K, reserved 1048576K
}
Event: 32.185 GC heap after
{Heap after GC invocations=45 (full 0):
 garbage-first heap   total 314368K, used 105453K [0x0000000080000000, 0x0000000100000000)
  region size 1024K, 2 young (2048K), 2 survivors (2048K)
 Metaspace       used 82683K, committed 83456K, reserved 1179648K
  class space    used 11181K, committed 11520K, reserved 1048576K
}
Event: 33.159 GC heap before
{Heap before GC invocations=45 (full 0):
 garbage-first heap   total 314368K, used 174061K [0x0000000080000000, 0x0000000100000000)
  region size 1024K, 71 young (72704K), 2 survivors (2048K)
 Metaspace       used 87733K, committed 88448K, reserved 1179648K
  class space    used 11919K, committed 12224K, reserved 1048576K
}
Event: 33.165 GC heap after
{Heap after GC invocations=46 (full 0):
 garbage-first heap   total 314368K, used 110536K [0x0000000080000000, 0x0000000100000000)
  region size 1024K, 7 young (7168K), 7 survivors (7168K)
 Metaspace       used 87733K, committed 88448K, reserved 1179648K
  class space    used 11919K, committed 12224K, reserved 1048576K
}
Event: 35.770 GC heap before
{Heap before GC invocations=47 (full 0):
 garbage-first heap   total 314368K, used 268232K [0x0000000080000000, 0x0000000100000000)
  region size 1024K, 144 young (147456K), 7 survivors (7168K)
 Metaspace       used 101336K, committed 102208K, reserved 1179648K
  class space    used 13684K, committed 14080K, reserved 1048576K
}
Event: 35.783 GC heap after
{Heap after GC invocations=48 (full 0):
 garbage-first heap   total 314368K, used 131992K [0x0000000080000000, 0x0000000100000000)
  region size 1024K, 17 young (17408K), 17 survivors (17408K)
 Metaspace       used 101336K, committed 102208K, reserved 1179648K
  class space    used 13684K, committed 14080K, reserved 1048576K
}
Event: 35.802 GC heap before
{Heap before GC invocations=48 (full 0):
 garbage-first heap   total 314368K, used 133016K [0x0000000080000000, 0x0000000100000000)
  region size 1024K, 18 young (18432K), 17 survivors (17408K)
 Metaspace       used 101420K, committed 102336K, reserved 1179648K
  class space    used 13694K, committed 14144K, reserved 1048576K
}
Event: 35.810 GC heap after
{Heap after GC invocations=49 (full 0):
 garbage-first heap   total 314368K, used 133495K [0x0000000080000000, 0x0000000100000000)
  region size 1024K, 2 young (2048K), 2 survivors (2048K)
 Metaspace       used 101420K, committed 102336K, reserved 1179648K
  class space    used 13694K, committed 14144K, reserved 1048576K
}
Event: 37.341 GC heap before
{Heap before GC invocations=49 (full 0):
 garbage-first heap   total 314368K, used 256375K [0x0000000080000000, 0x0000000100000000)
  region size 1024K, 122 young (124928K), 2 survivors (2048K)
 Metaspace       used 107221K, committed 108160K, reserved 1179648K
  class space    used 14354K, committed 14784K, reserved 1048576K
}
Event: 37.349 GC heap after
{Heap after GC invocations=50 (full 0):
 garbage-first heap   total 314368K, used 140603K [0x0000000080000000, 0x0000000100000000)
  region size 1024K, 9 young (9216K), 9 survivors (9216K)
 Metaspace       used 107221K, committed 108160K, reserved 1179648K
  class space    used 14354K, committed 14784K, reserved 1048576K
}
Event: 38.569 GC heap before
{Heap before GC invocations=51 (full 0):
 garbage-first heap   total 314368K, used 256315K [0x0000000080000000, 0x0000000100000000)
  region size 1024K, 123 young (125952K), 9 survivors (9216K)
 Metaspace       used 108935K, committed 109824K, reserved 1179648K
  class space    used 14552K, committed 14976K, reserved 1048576K
}
Event: 38.581 GC heap after
{Heap after GC invocations=52 (full 0):
 garbage-first heap   total 314368K, used 146922K [0x0000000080000000, 0x0000000100000000)
  region size 1024K, 9 young (9216K), 9 survivors (9216K)
 Metaspace       used 108935K, committed 109824K, reserved 1179648K
  class space    used 14552K, committed 14976K, reserved 1048576K
}
Event: 38.823 GC heap before
{Heap before GC invocations=52 (full 0):
 garbage-first heap   total 314368K, used 153066K [0x0000000080000000, 0x0000000100000000)
  region size 1024K, 15 young (15360K), 9 survivors (9216K)
 Metaspace       used 110132K, committed 111104K, reserved 1179648K
  class space    used 14688K, committed 15168K, reserved 1048576K
}
Event: 38.830 GC heap after
{Heap after GC invocations=53 (full 0):
 garbage-first heap   total 314368K, used 147456K [0x0000000080000000, 0x0000000100000000)
  region size 1024K, 2 young (2048K), 2 survivors (2048K)
 Metaspace       used 110132K, committed 111104K, reserved 1179648K
  class space    used 14688K, committed 15168K, reserved 1048576K
}

