# JRE version: OpenJDK Runtime Environment (17.0.10) (build 17.0.10+0--11572160)
# Java VM: OpenJDK 64-Bit Server VM (17.0.10+0--11572160, mixed mode, tiered, compressed oops, compressed class ptrs, g1 gc, windows-amd64)
GC Precious Log:
 CPUs: 16 total, 16 available
 Memory: 15753M
 Large Page Support: Disabled
 NUMA Support: Disabled
 Compressed Oops: Enabled (32-bit)
 Heap Region Size: 1M
 Heap Min Capacity: 8M
 Heap Initial Capacity: 248M
 Heap Max Capacity: 2G
 Pre-touch: Disabled
 Parallel Workers: 13
 Concurrent Workers: 3
 Concurrent Refinement Workers: 13
 Periodic GC: Disabled
Heap:
 garbage-first heap   total 153600K, used 95203K [0x0000000080000000, 0x0000000100000000)
  region size 1024K, 2 young (2048K), 2 survivors (2048K)
 Metaspace       used 74310K, committed 75008K, reserved 1114112K
  class space    used 9940K, committed 10304K, reserved 1048576K
GC Heap History (20 events):
Event: 11.739 GC heap after
{Heap after GC invocations=31 (full 0):
 garbage-first heap   total 119808K, used 71106K [0x0000000080000000, 0x0000000100000000)
  region size 1024K, 4 young (4096K), 4 survivors (4096K)
 Metaspace       used 59913K, committed 60544K, reserved 1114112K
  class space    used 8158K, committed 8448K, reserved 1048576K
}
Event: 12.049 GC heap before
{Heap before GC invocations=31 (full 0):
 garbage-first heap   total 119808K, used 94658K [0x0000000080000000, 0x0000000100000000)
  region size 1024K, 28 young (28672K), 4 survivors (4096K)
 Metaspace       used 60358K, committed 60992K, reserved 1114112K
  class space    used 8188K, committed 8448K, reserved 1048576K
}
Event: 12.055 GC heap after
{Heap after GC invocations=32 (full 0):
 garbage-first heap   total 144384K, used 75326K [0x0000000080000000, 0x0000000100000000)
  region size 1024K, 4 young (4096K), 4 survivors (4096K)
 Metaspace       used 60358K, committed 60992K, reserved 1114112K
  class space    used 8188K, committed 8448K, reserved 1048576K
}
Event: 12.658 GC heap before
{Heap before GC invocations=33 (full 0):
 garbage-first heap   total 144384K, used 116286K [0x0000000080000000, 0x0000000100000000)
  region size 1024K, 39 young (39936K), 4 survivors (4096K)
 Metaspace       used 61305K, committed 61952K, reserved 1114112K
  class space    used 8321K, committed 8576K, reserved 1048576K
}
Event: 12.665 GC heap after
{Heap after GC invocations=34 (full 0):
 garbage-first heap   total 144384K, used 85758K [0x0000000080000000, 0x0000000100000000)
  region size 1024K, 5 young (5120K), 5 survivors (5120K)
 Metaspace       used 61305K, committed 61952K, reserved 1114112K
  class space    used 8321K, committed 8576K, reserved 1048576K
}
Event: 12.696 GC heap before
{Heap before GC invocations=34 (full 0):
 garbage-first heap   total 144384K, used 86782K [0x0000000080000000, 0x0000000100000000)
  region size 1024K, 7 young (7168K), 5 survivors (5120K)
 Metaspace       used 61458K, committed 62144K, reserved 1114112K
  class space    used 8342K, committed 8640K, reserved 1048576K
}
Event: 12.700 GC heap after
{Heap after GC invocations=35 (full 0):
 garbage-first heap   total 144384K, used 86541K [0x0000000080000000, 0x0000000100000000)
  region size 1024K, 1 young (1024K), 1 survivors (1024K)
 Metaspace       used 61458K, committed 62144K, reserved 1114112K
  class space    used 8342K, committed 8640K, reserved 1048576K
}
Event: 12.783 GC heap before
{Heap before GC invocations=35 (full 0):
 garbage-first heap   total 144384K, used 90637K [0x0000000080000000, 0x0000000100000000)
  region size 1024K, 7 young (7168K), 1 survivors (1024K)
 Metaspace       used 61852K, committed 62464K, reserved 1114112K
  class space    used 8375K, committed 8640K, reserved 1048576K
}
Event: 12.785 GC heap after
{Heap after GC invocations=36 (full 0):
 garbage-first heap   total 144384K, used 86815K [0x0000000080000000, 0x0000000100000000)
  region size 1024K, 1 young (1024K), 1 survivors (1024K)
 Metaspace       used 61852K, committed 62464K, reserved 1114112K
  class space    used 8375K, committed 8640K, reserved 1048576K
}
Event: 13.267 GC heap before
{Heap before GC invocations=37 (full 0):
 garbage-first heap   total 153600K, used 115487K [0x0000000080000000, 0x0000000100000000)
  region size 1024K, 28 young (28672K), 1 survivors (1024K)
 Metaspace       used 64032K, committed 64704K, reserved 1114112K
  class space    used 8686K, committed 8960K, reserved 1048576K
}
Event: 13.270 GC heap after
{Heap after GC invocations=38 (full 0):
 garbage-first heap   total 153600K, used 88559K [0x0000000080000000, 0x0000000100000000)
  region size 1024K, 2 young (2048K), 2 survivors (2048K)
 Metaspace       used 64032K, committed 64704K, reserved 1114112K
  class space    used 8686K, committed 8960K, reserved 1048576K
}
Event: 13.364 GC heap before
{Heap before GC invocations=38 (full 0):
 garbage-first heap   total 153600K, used 93679K [0x0000000080000000, 0x0000000100000000)
  region size 1024K, 7 young (7168K), 2 survivors (2048K)
 Metaspace       used 64475K, committed 65152K, reserved 1114112K
  class space    used 8722K, committed 9024K, reserved 1048576K
}
Event: 13.369 GC heap after
{Heap after GC invocations=39 (full 0):
 garbage-first heap   total 153600K, used 87931K [0x0000000080000000, 0x0000000100000000)
  region size 1024K, 1 young (1024K), 1 survivors (1024K)
 Metaspace       used 64475K, committed 65152K, reserved 1114112K
  class space    used 8722K, committed 9024K, reserved 1048576K
}
Event: 14.001 GC heap before
{Heap before GC invocations=39 (full 0):
 garbage-first heap   total 153600K, used 123771K [0x0000000080000000, 0x0000000100000000)
  region size 1024K, 36 young (36864K), 1 survivors (1024K)
 Metaspace       used 68546K, committed 69184K, reserved 1114112K
  class space    used 9133K, committed 9408K, reserved 1048576K
}
Event: 14.004 GC heap after
{Heap after GC invocations=40 (full 0):
 garbage-first heap   total 153600K, used 88599K [0x0000000080000000, 0x0000000100000000)
  region size 1024K, 2 young (2048K), 2 survivors (2048K)
 Metaspace       used 68546K, committed 69184K, reserved 1114112K
  class space    used 9133K, committed 9408K, reserved 1048576K
}
Event: 14.709 GC heap before
{Heap before GC invocations=41 (full 0):
 garbage-first heap   total 153600K, used 129559K [0x0000000080000000, 0x0000000100000000)
  region size 1024K, 38 young (38912K), 2 survivors (2048K)
 Metaspace       used 72033K, committed 72704K, reserved 1114112K
  class space    used 9628K, committed 9920K, reserved 1048576K
}
Event: 14.714 GC heap after
{Heap after GC invocations=42 (full 0):
 garbage-first heap   total 153600K, used 97674K [0x0000000080000000, 0x0000000100000000)
  region size 1024K, 5 young (5120K), 5 survivors (5120K)
 Metaspace       used 72033K, committed 72704K, reserved 1114112K
  class space    used 9628K, committed 9920K, reserved 1048576K
}
Event: 14.748 GC heap before
{Heap before GC invocations=42 (full 0):
 garbage-first heap   total 153600K, used 100746K [0x0000000080000000, 0x0000000100000000)
  region size 1024K, 7 young (7168K), 5 survivors (5120K)
 Metaspace       used 72043K, committed 72768K, reserved 1114112K
  class space    used 9629K, committed 9984K, reserved 1048576K
}
Event: 14.752 GC heap after
{Heap after GC invocations=43 (full 0):
 garbage-first heap   total 153600K, used 94069K [0x0000000080000000, 0x0000000100000000)
  region size 1024K, 1 young (1024K), 1 survivors (1024K)
 Metaspace       used 72043K, committed 72768K, reserved 1114112K
  class space    used 9629K, committed 9984K, reserved 1048576K
}
Event: 15.320 GC heap before
{Heap before GC invocations=43 (full 0):
 garbage-first heap   total 153600K, used 124789K [0x0000000080000000, 0x0000000100000000)
  region size 1024K, 31 young (31744K), 1 survivors (1024K)
 Metaspace       used 74310K, committed 75008K, reserved 1114112K
  class space    used 9940K, committed 10304K, reserved 1048576K
}

