# JRE version: OpenJDK Runtime Environment (17.0.10) (build 17.0.10+0--11572160)
# Java VM: OpenJDK 64-Bit Server VM (17.0.10+0--11572160, mixed mode, tiered, compressed oops, compressed class ptrs, g1 gc, windows-amd64)
GC Precious Log:
 CPUs: 16 total, 16 available
 Memory: 15753M
 Large Page Support: Disabled
 NUMA Support: Disabled
 Compressed Oops: Enabled (32-bit)
 Heap Region Size: 1M
 Heap Min Capacity: 8M
 Heap Initial Capacity: 248M
 Heap Max Capacity: 2G
 Pre-touch: Disabled
 Parallel Workers: 13
 Concurrent Workers: 3
 Concurrent Refinement Workers: 13
 Periodic GC: Disabled
Heap:
 garbage-first heap   total 229376K, used 158978K [0x0000000080000000, 0x0000000100000000)
  region size 1024K, 33 young (33792K), 4 survivors (4096K)
 Metaspace       used 109725K, committed 110528K, reserved 1179648K
  class space    used 14586K, committed 14976K, reserved 1048576K
GC Heap History (20 events):
Event: 28.258 GC heap before
{Heap before GC invocations=28 (full 0):
 garbage-first heap   total 194560K, used 142817K [0x0000000080000000, 0x0000000100000000)
  region size 1024K, 71 young (72704K), 10 survivors (10240K)
 Metaspace       used 97214K, committed 97920K, reserved 1179648K
  class space    used 12986K, committed 13312K, reserved 1048576K
}
Event: 28.275 GC heap after
{Heap after GC invocations=29 (full 0):
 garbage-first heap   total 194560K, used 86981K [0x0000000080000000, 0x0000000100000000)
  region size 1024K, 6 young (6144K), 6 survivors (6144K)
 Metaspace       used 97214K, committed 97920K, reserved 1179648K
  class space    used 12986K, committed 13312K, reserved 1048576K
}
Event: 29.580 GC heap before
{Heap before GC invocations=30 (full 0):
 garbage-first heap   total 194560K, used 154565K [0x0000000080000000, 0x0000000100000000)
  region size 1024K, 73 young (74752K), 6 survivors (6144K)
 Metaspace       used 101908K, committed 102592K, reserved 1179648K
  class space    used 13681K, committed 14016K, reserved 1048576K
}
Event: 29.589 GC heap after
{Heap after GC invocations=31 (full 0):
 garbage-first heap   total 194560K, used 91890K [0x0000000080000000, 0x0000000100000000)
  region size 1024K, 10 young (10240K), 10 survivors (10240K)
 Metaspace       used 101908K, committed 102592K, reserved 1179648K
  class space    used 13681K, committed 14016K, reserved 1048576K
}
Event: 29.608 GC heap before
{Heap before GC invocations=31 (full 0):
 garbage-first heap   total 194560K, used 92914K [0x0000000080000000, 0x0000000100000000)
  region size 1024K, 11 young (11264K), 10 survivors (10240K)
 Metaspace       used 101918K, committed 102656K, reserved 1179648K
  class space    used 13681K, committed 14016K, reserved 1048576K
}
Event: 29.616 GC heap after
{Heap after GC invocations=32 (full 0):
 garbage-first heap   total 194560K, used 92680K [0x0000000080000000, 0x0000000100000000)
  region size 1024K, 2 young (2048K), 2 survivors (2048K)
 Metaspace       used 101918K, committed 102656K, reserved 1179648K
  class space    used 13681K, committed 14016K, reserved 1048576K
}
Event: 30.045 GC heap before
{Heap before GC invocations=32 (full 0):
 garbage-first heap   total 194560K, used 158216K [0x0000000080000000, 0x0000000100000000)
  region size 1024K, 66 young (67584K), 2 survivors (2048K)
 Metaspace       used 102428K, committed 103232K, reserved 1179648K
  class space    used 13777K, committed 14144K, reserved 1048576K
}
Event: 30.050 GC heap after
{Heap after GC invocations=33 (full 0):
 garbage-first heap   total 194560K, used 96884K [0x0000000080000000, 0x0000000100000000)
  region size 1024K, 6 young (6144K), 6 survivors (6144K)
 Metaspace       used 102428K, committed 103232K, reserved 1179648K
  class space    used 13777K, committed 14144K, reserved 1048576K
}
Event: 31.353 GC heap before
{Heap before GC invocations=34 (full 0):
 garbage-first heap   total 194560K, used 167540K [0x0000000080000000, 0x0000000100000000)
  region size 1024K, 67 young (68608K), 6 survivors (6144K)
 Metaspace       used 105020K, committed 105792K, reserved 1179648K
  class space    used 14081K, committed 14400K, reserved 1048576K
}
Event: 31.364 GC heap after
{Heap after GC invocations=35 (full 0):
 garbage-first heap   total 194560K, used 115026K [0x0000000080000000, 0x0000000100000000)
  region size 1024K, 9 young (9216K), 9 survivors (9216K)
 Metaspace       used 105020K, committed 105792K, reserved 1179648K
  class space    used 14081K, committed 14400K, reserved 1048576K
}
Event: 31.377 GC heap before
{Heap before GC invocations=35 (full 0):
 garbage-first heap   total 194560K, used 116050K [0x0000000080000000, 0x0000000100000000)
  region size 1024K, 10 young (10240K), 9 survivors (9216K)
 Metaspace       used 105020K, committed 105792K, reserved 1179648K
  class space    used 14081K, committed 14400K, reserved 1048576K
}
Event: 31.384 GC heap after
{Heap after GC invocations=36 (full 0):
 garbage-first heap   total 194560K, used 113788K [0x0000000080000000, 0x0000000100000000)
  region size 1024K, 2 young (2048K), 2 survivors (2048K)
 Metaspace       used 105020K, committed 105792K, reserved 1179648K
  class space    used 14081K, committed 14400K, reserved 1048576K
}
Event: 32.072 GC heap before
{Heap before GC invocations=36 (full 0):
 garbage-first heap   total 194560K, used 153724K [0x0000000080000000, 0x0000000100000000)
  region size 1024K, 41 young (41984K), 2 survivors (2048K)
 Metaspace       used 105962K, committed 106752K, reserved 1179648K
  class space    used 14172K, committed 14528K, reserved 1048576K
}
Event: 32.082 GC heap after
{Heap after GC invocations=37 (full 0):
 garbage-first heap   total 194560K, used 124623K [0x0000000080000000, 0x0000000100000000)
  region size 1024K, 6 young (6144K), 6 survivors (6144K)
 Metaspace       used 105962K, committed 106752K, reserved 1179648K
  class space    used 14172K, committed 14528K, reserved 1048576K
}
Event: 32.716 GC heap before
{Heap before GC invocations=38 (full 0):
 garbage-first heap   total 229376K, used 159439K [0x0000000080000000, 0x0000000100000000)
  region size 1024K, 33 young (33792K), 6 survivors (6144K)
 Metaspace       used 107156K, committed 107968K, reserved 1179648K
  class space    used 14315K, committed 14720K, reserved 1048576K
}
Event: 32.725 GC heap after
{Heap after GC invocations=39 (full 0):
 garbage-first heap   total 229376K, used 129197K [0x0000000080000000, 0x0000000100000000)
  region size 1024K, 5 young (5120K), 5 survivors (5120K)
 Metaspace       used 107156K, committed 107968K, reserved 1179648K
  class space    used 14315K, committed 14720K, reserved 1048576K
}
Event: 32.813 GC heap before
{Heap before GC invocations=39 (full 0):
 garbage-first heap   total 229376K, used 134317K [0x0000000080000000, 0x0000000100000000)
  region size 1024K, 11 young (11264K), 5 survivors (5120K)
 Metaspace       used 107744K, committed 108544K, reserved 1179648K
  class space    used 14400K, committed 14784K, reserved 1048576K
}
Event: 32.819 GC heap after
{Heap after GC invocations=40 (full 0):
 garbage-first heap   total 229376K, used 128732K [0x0000000080000000, 0x0000000100000000)
  region size 1024K, 1 young (1024K), 1 survivors (1024K)
 Metaspace       used 107744K, committed 108544K, reserved 1179648K
  class space    used 14400K, committed 14784K, reserved 1048576K
}
Event: 33.523 GC heap before
{Heap before GC invocations=40 (full 0):
 garbage-first heap   total 229376K, used 192220K [0x0000000080000000, 0x0000000100000000)
  region size 1024K, 47 young (48128K), 1 survivors (1024K)
 Metaspace       used 108851K, committed 109696K, reserved 1179648K
  class space    used 14494K, committed 14912K, reserved 1048576K
}
Event: 33.527 GC heap after
{Heap after GC invocations=41 (full 0):
 garbage-first heap   total 229376K, used 131330K [0x0000000080000000, 0x0000000100000000)
  region size 1024K, 4 young (4096K), 4 survivors (4096K)
 Metaspace       used 108851K, committed 109696K, reserved 1179648K
  class space    used 14494K, committed 14912K, reserved 1048576K
}

