# JRE version: OpenJDK Runtime Environment (17.0.10) (build 17.0.10+0--11572160)
# Java VM: OpenJDK 64-Bit Server VM (17.0.10+0--11572160, mixed mode, tiered, compressed oops, compressed class ptrs, g1 gc, windows-amd64)
GC Precious Log:
 CPUs: 16 total, 16 available
 Memory: 15753M
 Large Page Support: Disabled
 NUMA Support: Disabled
 Compressed Oops: Enabled (32-bit)
 Heap Region Size: 1M
 Heap Min Capacity: 8M
 Heap Initial Capacity: 248M
 Heap Max Capacity: 2G
 Pre-touch: Disabled
 Parallel Workers: 13
 Concurrent Workers: 3
 Concurrent Refinement Workers: 13
 Periodic GC: Disabled
Heap:
 garbage-first heap   total 304128K, used 226178K [0x0000000080000000, 0x0000000100000000)
  region size 1024K, 25 young (25600K), 5 survivors (5120K)
 Metaspace       used 142069K, committed 143040K, reserved 1179648K
  class space    used 18899K, committed 19392K, reserved 1048576K
GC Heap History (20 events):
Event: 43.557 GC heap before
{Heap before GC invocations=72 (full 0):
 garbage-first heap   total 304128K, used 259567K [0x0000000080000000, 0x0000000100000000)
  region size 1024K, 58 young (59392K), 2 survivors (2048K)
 Metaspace       used 141199K, committed 142208K, reserved 1179648K
  class space    used 18822K, committed 19328K, reserved 1048576K
}
Event: 43.562 GC heap after
{Heap after GC invocations=73 (full 0):
 garbage-first heap   total 304128K, used 203103K [0x0000000080000000, 0x0000000100000000)
  region size 1024K, 3 young (3072K), 3 survivors (3072K)
 Metaspace       used 141199K, committed 142208K, reserved 1179648K
  class space    used 18822K, committed 19328K, reserved 1048576K
}
Event: 43.899 GC heap before
{Heap before GC invocations=73 (full 0):
 garbage-first heap   total 304128K, used 261471K [0x0000000080000000, 0x0000000100000000)
  region size 1024K, 60 young (61440K), 3 survivors (3072K)
 Metaspace       used 141463K, committed 142400K, reserved 1179648K
  class space    used 18868K, committed 19328K, reserved 1048576K
}
Event: 43.903 GC heap after
{Heap after GC invocations=74 (full 0):
 garbage-first heap   total 304128K, used 203039K [0x0000000080000000, 0x0000000100000000)
  region size 1024K, 3 young (3072K), 3 survivors (3072K)
 Metaspace       used 141463K, committed 142400K, reserved 1179648K
  class space    used 18868K, committed 19328K, reserved 1048576K
}
Event: 44.169 GC heap before
{Heap before GC invocations=74 (full 0):
 garbage-first heap   total 304128K, used 263455K [0x0000000080000000, 0x0000000100000000)
  region size 1024K, 62 young (63488K), 3 survivors (3072K)
 Metaspace       used 141502K, committed 142464K, reserved 1179648K
  class space    used 18870K, committed 19328K, reserved 1048576K
}
Event: 44.173 GC heap after
{Heap after GC invocations=75 (full 0):
 garbage-first heap   total 304128K, used 203302K [0x0000000080000000, 0x0000000100000000)
  region size 1024K, 3 young (3072K), 3 survivors (3072K)
 Metaspace       used 141502K, committed 142464K, reserved 1179648K
  class space    used 18870K, committed 19328K, reserved 1048576K
}
Event: 44.508 GC heap before
{Heap before GC invocations=75 (full 0):
 garbage-first heap   total 304128K, used 264742K [0x0000000080000000, 0x0000000100000000)
  region size 1024K, 63 young (64512K), 3 survivors (3072K)
 Metaspace       used 141550K, committed 142528K, reserved 1179648K
  class space    used 18871K, committed 19328K, reserved 1048576K
}
Event: 44.512 GC heap after
{Heap after GC invocations=76 (full 0):
 garbage-first heap   total 304128K, used 203532K [0x0000000080000000, 0x0000000100000000)
  region size 1024K, 3 young (3072K), 3 survivors (3072K)
 Metaspace       used 141550K, committed 142528K, reserved 1179648K
  class space    used 18871K, committed 19328K, reserved 1048576K
}
Event: 44.861 GC heap before
{Heap before GC invocations=76 (full 0):
 garbage-first heap   total 304128K, used 265996K [0x0000000080000000, 0x0000000100000000)
  region size 1024K, 64 young (65536K), 3 survivors (3072K)
 Metaspace       used 141584K, committed 142528K, reserved 1179648K
  class space    used 18873K, committed 19328K, reserved 1048576K
}
Event: 44.865 GC heap after
{Heap after GC invocations=77 (full 0):
 garbage-first heap   total 304128K, used 203778K [0x0000000080000000, 0x0000000100000000)
  region size 1024K, 4 young (4096K), 4 survivors (4096K)
 Metaspace       used 141584K, committed 142528K, reserved 1179648K
  class space    used 18873K, committed 19328K, reserved 1048576K
}
Event: 45.180 GC heap before
{Heap before GC invocations=77 (full 0):
 garbage-first heap   total 304128K, used 267266K [0x0000000080000000, 0x0000000100000000)
  region size 1024K, 66 young (67584K), 4 survivors (4096K)
 Metaspace       used 141639K, committed 142656K, reserved 1179648K
  class space    used 18877K, committed 19392K, reserved 1048576K
}
Event: 45.184 GC heap after
{Heap after GC invocations=78 (full 0):
 garbage-first heap   total 304128K, used 204324K [0x0000000080000000, 0x0000000100000000)
  region size 1024K, 4 young (4096K), 4 survivors (4096K)
 Metaspace       used 141639K, committed 142656K, reserved 1179648K
  class space    used 18877K, committed 19392K, reserved 1048576K
}
Event: 45.461 GC heap before
{Heap before GC invocations=78 (full 0):
 garbage-first heap   total 304128K, used 267812K [0x0000000080000000, 0x0000000100000000)
  region size 1024K, 66 young (67584K), 4 survivors (4096K)
 Metaspace       used 141658K, committed 142656K, reserved 1179648K
  class space    used 18878K, committed 19392K, reserved 1048576K
}
Event: 45.465 GC heap after
{Heap after GC invocations=79 (full 0):
 garbage-first heap   total 304128K, used 204473K [0x0000000080000000, 0x0000000100000000)
  region size 1024K, 4 young (4096K), 4 survivors (4096K)
 Metaspace       used 141658K, committed 142656K, reserved 1179648K
  class space    used 18878K, committed 19392K, reserved 1048576K
}
Event: 45.734 GC heap before
{Heap before GC invocations=79 (full 0):
 garbage-first heap   total 304128K, used 268985K [0x0000000080000000, 0x0000000100000000)
  region size 1024K, 67 young (68608K), 4 survivors (4096K)
 Metaspace       used 141672K, committed 142656K, reserved 1179648K
  class space    used 18878K, committed 19392K, reserved 1048576K
}
Event: 45.739 GC heap after
{Heap after GC invocations=80 (full 0):
 garbage-first heap   total 304128K, used 204829K [0x0000000080000000, 0x0000000100000000)
  region size 1024K, 5 young (5120K), 5 survivors (5120K)
 Metaspace       used 141672K, committed 142656K, reserved 1179648K
  class space    used 18878K, committed 19392K, reserved 1048576K
}
Event: 46.029 GC heap before
{Heap before GC invocations=80 (full 0):
 garbage-first heap   total 304128K, used 267293K [0x0000000080000000, 0x0000000100000000)
  region size 1024K, 66 young (67584K), 5 survivors (5120K)
 Metaspace       used 141733K, committed 142720K, reserved 1179648K
  class space    used 18887K, committed 19392K, reserved 1048576K
}
Event: 46.034 GC heap after
{Heap after GC invocations=81 (full 0):
 garbage-first heap   total 304128K, used 205234K [0x0000000080000000, 0x0000000100000000)
  region size 1024K, 5 young (5120K), 5 survivors (5120K)
 Metaspace       used 141733K, committed 142720K, reserved 1179648K
  class space    used 18887K, committed 19392K, reserved 1048576K
}
Event: 46.402 GC heap before
{Heap before GC invocations=81 (full 0):
 garbage-first heap   total 304128K, used 268722K [0x0000000080000000, 0x0000000100000000)
  region size 1024K, 66 young (67584K), 5 survivors (5120K)
 Metaspace       used 142056K, committed 143040K, reserved 1179648K
  class space    used 18898K, committed 19392K, reserved 1048576K
}
Event: 46.407 GC heap after
{Heap after GC invocations=82 (full 0):
 garbage-first heap   total 304128K, used 206722K [0x0000000080000000, 0x0000000100000000)
  region size 1024K, 5 young (5120K), 5 survivors (5120K)
 Metaspace       used 142056K, committed 143040K, reserved 1179648K
  class space    used 18898K, committed 19392K, reserved 1048576K
}

