# JRE version: OpenJDK Runtime Environment (17.0.10) (build 17.0.10+0--11572160)
# Java VM: OpenJDK 64-Bit Server VM (17.0.10+0--11572160, mixed mode, tiered, compressed oops, compressed class ptrs, g1 gc, windows-amd64)
GC Precious Log:
 CPUs: 16 total, 16 available
 Memory: 15753M
 Large Page Support: Disabled
 NUMA Support: Disabled
 Compressed Oops: Enabled (32-bit)
 Heap Region Size: 1M
 Heap Min Capacity: 8M
 Heap Initial Capacity: 248M
 Heap Max Capacity: 2G
 Pre-touch: Disabled
 Parallel Workers: 13
 Concurrent Workers: 3
 Concurrent Refinement Workers: 13
 Periodic GC: Disabled
Heap:
 garbage-first heap   total 253952K, used 95452K [0x0000000080000000, 0x0000000100000000)
  region size 1024K, 6 young (6144K), 6 survivors (6144K)
 Metaspace       used 97009K, committed 97664K, reserved 1179648K
  class space    used 13224K, committed 13504K, reserved 1048576K
GC Heap History (20 events):
Event: 9.673 GC heap after
{Heap after GC invocations=33 (full 0):
 garbage-first heap   total 174080K, used 64572K [0x0000000080000000, 0x0000000100000000)
  region size 1024K, 4 young (4096K), 4 survivors (4096K)
 Metaspace       used 70227K, committed 70848K, reserved 1114112K
  class space    used 9395K, committed 9664K, reserved 1048576K
}
Event: 10.706 GC heap before
{Heap before GC invocations=34 (full 0):
 garbage-first heap   total 174080K, used 134204K [0x0000000080000000, 0x0000000100000000)
  region size 1024K, 71 young (72704K), 4 survivors (4096K)
 Metaspace       used 74468K, committed 75072K, reserved 1114112K
  class space    used 9979K, committed 10240K, reserved 1048576K
}
Event: 10.711 GC heap after
{Heap after GC invocations=35 (full 0):
 garbage-first heap   total 174080K, used 66899K [0x0000000080000000, 0x0000000100000000)
  region size 1024K, 8 young (8192K), 8 survivors (8192K)
 Metaspace       used 74468K, committed 75072K, reserved 1114112K
  class space    used 9979K, committed 10240K, reserved 1048576K
}
Event: 10.718 GC heap before
{Heap before GC invocations=35 (full 0):
 garbage-first heap   total 174080K, used 67923K [0x0000000080000000, 0x0000000100000000)
  region size 1024K, 9 young (9216K), 8 survivors (8192K)
 Metaspace       used 74469K, committed 75072K, reserved 1114112K
  class space    used 9979K, committed 10240K, reserved 1048576K
}
Event: 10.723 GC heap after
{Heap after GC invocations=36 (full 0):
 garbage-first heap   total 174080K, used 67373K [0x0000000080000000, 0x0000000100000000)
  region size 1024K, 1 young (1024K), 1 survivors (1024K)
 Metaspace       used 74469K, committed 75072K, reserved 1114112K
  class space    used 9979K, committed 10240K, reserved 1048576K
}
Event: 11.610 GC heap before
{Heap before GC invocations=36 (full 0):
 garbage-first heap   total 174080K, used 135981K [0x0000000080000000, 0x0000000100000000)
  region size 1024K, 68 young (69632K), 1 survivors (1024K)
 Metaspace       used 76938K, committed 77504K, reserved 1179648K
  class space    used 10319K, committed 10560K, reserved 1048576K
}
Event: 11.613 GC heap after
{Heap after GC invocations=37 (full 0):
 garbage-first heap   total 174080K, used 70925K [0x0000000080000000, 0x0000000100000000)
  region size 1024K, 5 young (5120K), 5 survivors (5120K)
 Metaspace       used 76938K, committed 77504K, reserved 1179648K
  class space    used 10319K, committed 10560K, reserved 1048576K
}
Event: 12.687 GC heap before
{Heap before GC invocations=37 (full 0):
 garbage-first heap   total 174080K, used 138509K [0x0000000080000000, 0x0000000100000000)
  region size 1024K, 70 young (71680K), 5 survivors (5120K)
 Metaspace       used 81790K, committed 82368K, reserved 1179648K
  class space    used 11193K, committed 11456K, reserved 1048576K
}
Event: 12.693 GC heap after
{Heap after GC invocations=38 (full 0):
 garbage-first heap   total 174080K, used 73139K [0x0000000080000000, 0x0000000100000000)
  region size 1024K, 7 young (7168K), 7 survivors (7168K)
 Metaspace       used 81790K, committed 82368K, reserved 1179648K
  class space    used 11193K, committed 11456K, reserved 1048576K
}
Event: 13.672 GC heap before
{Heap before GC invocations=38 (full 0):
 garbage-first heap   total 174080K, used 140723K [0x0000000080000000, 0x0000000100000000)
  region size 1024K, 73 young (74752K), 7 survivors (7168K)
 Metaspace       used 87004K, committed 87680K, reserved 1179648K
  class space    used 11911K, committed 12224K, reserved 1048576K
}
Event: 13.678 GC heap after
{Heap after GC invocations=39 (full 0):
 garbage-first heap   total 174080K, used 77008K [0x0000000080000000, 0x0000000100000000)
  region size 1024K, 7 young (7168K), 7 survivors (7168K)
 Metaspace       used 87004K, committed 87680K, reserved 1179648K
  class space    used 11911K, committed 12224K, reserved 1048576K
}
Event: 14.625 GC heap before
{Heap before GC invocations=39 (full 0):
 garbage-first heap   total 174080K, used 140496K [0x0000000080000000, 0x0000000100000000)
  region size 1024K, 70 young (71680K), 7 survivors (7168K)
 Metaspace       used 92141K, committed 92800K, reserved 1179648K
  class space    used 12662K, committed 12928K, reserved 1048576K
}
Event: 14.632 GC heap after
{Heap after GC invocations=40 (full 0):
 garbage-first heap   total 174080K, used 82041K [0x0000000080000000, 0x0000000100000000)
  region size 1024K, 9 young (9216K), 9 survivors (9216K)
 Metaspace       used 92141K, committed 92800K, reserved 1179648K
  class space    used 12662K, committed 12928K, reserved 1048576K
}
Event: 15.492 GC heap before
{Heap before GC invocations=40 (full 0):
 garbage-first heap   total 174080K, used 146553K [0x0000000080000000, 0x0000000100000000)
  region size 1024K, 68 young (69632K), 9 survivors (9216K)
 Metaspace       used 96245K, committed 96960K, reserved 1179648K
  class space    used 13129K, committed 13440K, reserved 1048576K
}
Event: 15.505 GC heap after
{Heap after GC invocations=41 (full 0):
 garbage-first heap   total 174080K, used 90364K [0x0000000080000000, 0x0000000100000000)
  region size 1024K, 9 young (9216K), 9 survivors (9216K)
 Metaspace       used 96245K, committed 96960K, reserved 1179648K
  class space    used 13129K, committed 13440K, reserved 1048576K
}
Event: 15.800 GC heap before
{Heap before GC invocations=41 (full 0):
 garbage-first heap   total 174080K, used 139516K [0x0000000080000000, 0x0000000100000000)
  region size 1024K, 58 young (59392K), 9 survivors (9216K)
 Metaspace       used 96291K, committed 97024K, reserved 1179648K
  class space    used 13129K, committed 13440K, reserved 1048576K
}
Event: 15.815 GC heap after
{Heap after GC invocations=42 (full 0):
 garbage-first heap   total 174080K, used 92636K [0x0000000080000000, 0x0000000100000000)
  region size 1024K, 4 young (4096K), 4 survivors (4096K)
 Metaspace       used 96291K, committed 97024K, reserved 1179648K
  class space    used 13129K, committed 13440K, reserved 1048576K
}
Event: 16.115 GC heap before
{Heap before GC invocations=42 (full 0):
 garbage-first heap   total 174080K, used 141788K [0x0000000080000000, 0x0000000100000000)
  region size 1024K, 52 young (53248K), 4 survivors (4096K)
 Metaspace       used 96442K, committed 97152K, reserved 1179648K
  class space    used 13131K, committed 13440K, reserved 1048576K
}
Event: 16.119 GC heap after
{Heap after GC invocations=43 (full 0):
 garbage-first heap   total 174080K, used 93192K [0x0000000080000000, 0x0000000100000000)
  region size 1024K, 5 young (5120K), 5 survivors (5120K)
 Metaspace       used 96442K, committed 97152K, reserved 1179648K
  class space    used 13131K, committed 13440K, reserved 1048576K
}
Event: 16.466 GC heap before
{Heap before GC invocations=43 (full 0):
 garbage-first heap   total 174080K, used 141320K [0x0000000080000000, 0x0000000100000000)
  region size 1024K, 53 young (54272K), 5 survivors (5120K)
 Metaspace       used 97009K, committed 97664K, reserved 1179648K
  class space    used 13224K, committed 13504K, reserved 1048576K
}

