# JRE version: OpenJDK Runtime Environment (17.0.10) (build 17.0.10+0--11572160)
# Java VM: OpenJDK 64-Bit Server VM (17.0.10+0--11572160, mixed mode, tiered, compressed oops, compressed class ptrs, g1 gc, windows-amd64)
GC Precious Log:
 CPUs: 16 total, 16 available
 Memory: 15753M
 Large Page Support: Disabled
 NUMA Support: Disabled
 Compressed Oops: Enabled (32-bit)
 Heap Region Size: 1M
 Heap Min Capacity: 8M
 Heap Initial Capacity: 248M
 Heap Max Capacity: 2G
 Pre-touch: Disabled
 Parallel Workers: 13
 Concurrent Workers: 3
 Concurrent Refinement Workers: 13
 Periodic GC: Disabled
Heap:
 garbage-first heap   total 172032K, used 110305K [0x0000000080000000, 0x0000000100000000)
  region size 1024K, 52 young (53248K), 8 survivors (8192K)
 Metaspace       used 74524K, committed 75136K, reserved 1114112K
  class space    used 9976K, committed 10240K, reserved 1048576K
GC Heap History (20 events):
Event: 8.416 GC heap before
{Heap before GC invocations=12 (full 0):
 garbage-first heap   total 86016K, used 64239K [0x0000000080000000, 0x0000000100000000)
  region size 1024K, 33 young (33792K), 3 survivors (3072K)
 Metaspace       used 49877K, committed 50240K, reserved 1114112K
  class space    used 6673K, committed 6848K, reserved 1048576K
}
Event: 8.421 GC heap after
{Heap after GC invocations=13 (full 0):
 garbage-first heap   total 86016K, used 34444K [0x0000000080000000, 0x0000000100000000)
  region size 1024K, 4 young (4096K), 4 survivors (4096K)
 Metaspace       used 49877K, committed 50240K, reserved 1114112K
  class space    used 6673K, committed 6848K, reserved 1048576K
}
Event: 9.193 GC heap before
{Heap before GC invocations=13 (full 0):
 garbage-first heap   total 86016K, used 67212K [0x0000000080000000, 0x0000000100000000)
  region size 1024K, 35 young (35840K), 4 survivors (4096K)
 Metaspace       used 53917K, committed 54336K, reserved 1114112K
  class space    used 7229K, committed 7424K, reserved 1048576K
}
Event: 9.202 GC heap after
{Heap after GC invocations=14 (full 0):
 garbage-first heap   total 86016K, used 36441K [0x0000000080000000, 0x0000000100000000)
  region size 1024K, 4 young (4096K), 4 survivors (4096K)
 Metaspace       used 53917K, committed 54336K, reserved 1114112K
  class space    used 7229K, committed 7424K, reserved 1048576K
}
Event: 10.010 GC heap before
{Heap before GC invocations=14 (full 0):
 garbage-first heap   total 86016K, used 66137K [0x0000000080000000, 0x0000000100000000)
  region size 1024K, 33 young (33792K), 4 survivors (4096K)
 Metaspace       used 56801K, committed 57344K, reserved 1114112K
  class space    used 7652K, committed 7872K, reserved 1048576K
}
Event: 10.017 GC heap after
{Heap after GC invocations=15 (full 0):
 garbage-first heap   total 86016K, used 39624K [0x0000000080000000, 0x0000000100000000)
  region size 1024K, 5 young (5120K), 5 survivors (5120K)
 Metaspace       used 56801K, committed 57344K, reserved 1114112K
  class space    used 7652K, committed 7872K, reserved 1048576K
}
Event: 10.377 GC heap before
{Heap before GC invocations=15 (full 0):
 garbage-first heap   total 86016K, used 66248K [0x0000000080000000, 0x0000000100000000)
  region size 1024K, 32 young (32768K), 5 survivors (5120K)
 Metaspace       used 57939K, committed 58496K, reserved 1114112K
  class space    used 7869K, committed 8128K, reserved 1048576K
}
Event: 10.384 GC heap after
{Heap after GC invocations=16 (full 0):
 garbage-first heap   total 86016K, used 44068K [0x0000000080000000, 0x0000000100000000)
  region size 1024K, 4 young (4096K), 4 survivors (4096K)
 Metaspace       used 57939K, committed 58496K, reserved 1114112K
  class space    used 7869K, committed 8128K, reserved 1048576K
}
Event: 10.551 GC heap before
{Heap before GC invocations=16 (full 0):
 garbage-first heap   total 86016K, used 66596K [0x0000000080000000, 0x0000000100000000)
  region size 1024K, 27 young (27648K), 4 survivors (4096K)
 Metaspace       used 58169K, committed 58688K, reserved 1114112K
  class space    used 7894K, committed 8128K, reserved 1048576K
}
Event: 10.555 GC heap after
{Heap after GC invocations=17 (full 0):
 garbage-first heap   total 86016K, used 46241K [0x0000000080000000, 0x0000000100000000)
  region size 1024K, 4 young (4096K), 4 survivors (4096K)
 Metaspace       used 58169K, committed 58688K, reserved 1114112K
  class space    used 7894K, committed 8128K, reserved 1048576K
}
Event: 10.960 GC heap before
{Heap before GC invocations=18 (full 0):
 garbage-first heap   total 86016K, used 71841K [0x0000000080000000, 0x0000000100000000)
  region size 1024K, 24 young (24576K), 4 survivors (4096K)
 Metaspace       used 59133K, committed 59712K, reserved 1114112K
  class space    used 8051K, committed 8320K, reserved 1048576K
}
Event: 10.964 GC heap after
{Heap after GC invocations=19 (full 0):
 garbage-first heap   total 86016K, used 56566K [0x0000000080000000, 0x0000000100000000)
  region size 1024K, 3 young (3072K), 3 survivors (3072K)
 Metaspace       used 59133K, committed 59712K, reserved 1114112K
  class space    used 8051K, committed 8320K, reserved 1048576K
}
Event: 10.974 GC heap before
{Heap before GC invocations=19 (full 0):
 garbage-first heap   total 86016K, used 56566K [0x0000000080000000, 0x0000000100000000)
  region size 1024K, 4 young (4096K), 3 survivors (3072K)
 Metaspace       used 59225K, committed 59776K, reserved 1114112K
  class space    used 8062K, committed 8320K, reserved 1048576K
}
Event: 10.978 GC heap after
{Heap after GC invocations=20 (full 0):
 garbage-first heap   total 86016K, used 56281K [0x0000000080000000, 0x0000000100000000)
  region size 1024K, 1 young (1024K), 1 survivors (1024K)
 Metaspace       used 59225K, committed 59776K, reserved 1114112K
  class space    used 8062K, committed 8320K, reserved 1048576K
}
Event: 11.035 GC heap before
{Heap before GC invocations=20 (full 0):
 garbage-first heap   total 86016K, used 60377K [0x0000000080000000, 0x0000000100000000)
  region size 1024K, 7 young (7168K), 1 survivors (1024K)
 Metaspace       used 59547K, committed 60096K, reserved 1114112K
  class space    used 8085K, committed 8320K, reserved 1048576K
}
Event: 11.038 GC heap after
{Heap after GC invocations=21 (full 0):
 garbage-first heap   total 172032K, used 56681K [0x0000000080000000, 0x0000000100000000)
  region size 1024K, 1 young (1024K), 1 survivors (1024K)
 Metaspace       used 59547K, committed 60096K, reserved 1114112K
  class space    used 8085K, committed 8320K, reserved 1048576K
}
Event: 12.181 GC heap before
{Heap before GC invocations=21 (full 0):
 garbage-first heap   total 172032K, used 126313K [0x0000000080000000, 0x0000000100000000)
  region size 1024K, 68 young (69632K), 1 survivors (1024K)
 Metaspace       used 66363K, committed 66880K, reserved 1114112K
  class space    used 8852K, committed 9088K, reserved 1048576K
}
Event: 12.185 GC heap after
{Heap after GC invocations=22 (full 0):
 garbage-first heap   total 172032K, used 59482K [0x0000000080000000, 0x0000000100000000)
  region size 1024K, 3 young (3072K), 3 survivors (3072K)
 Metaspace       used 66363K, committed 66880K, reserved 1114112K
  class space    used 8852K, committed 9088K, reserved 1048576K
}
Event: 13.372 GC heap before
{Heap before GC invocations=22 (full 0):
 garbage-first heap   total 172032K, used 136282K [0x0000000080000000, 0x0000000100000000)
  region size 1024K, 73 young (74752K), 3 survivors (3072K)
 Metaspace       used 72472K, committed 73088K, reserved 1114112K
  class space    used 9698K, committed 9984K, reserved 1048576K
}
Event: 13.379 GC heap after
{Heap after GC invocations=23 (full 0):
 garbage-first heap   total 172032K, used 66273K [0x0000000080000000, 0x0000000100000000)
  region size 1024K, 8 young (8192K), 8 survivors (8192K)
 Metaspace       used 72472K, committed 73088K, reserved 1114112K
  class space    used 9698K, committed 9984K, reserved 1048576K
}

