# JRE version: OpenJDK Runtime Environment (17.0.10) (build 17.0.10+0--11609105)
# Java VM: OpenJDK 64-Bit Server VM (17.0.10+0--11609105, mixed mode, tiered, compressed oops, compressed class ptrs, g1 gc, windows-amd64)
GC Precious Log:
 CPUs: 16 total, 16 available
 Memory: 15753M
 Large Page Support: Disabled
 NUMA Support: Disabled
 Compressed Oops: Enabled (32-bit)
 Heap Region Size: 1M
 Heap Min Capacity: 8M
 Heap Initial Capacity: 248M
 Heap Max Capacity: 2G
 Pre-touch: Disabled
 Parallel Workers: 13
 Concurrent Workers: 3
 Concurrent Refinement Workers: 13
 Periodic GC: Disabled
Heap:
 garbage-first heap   total 280576K, used 123735K [0x0000000080000000, 0x0000000100000000)
  region size 1024K, 2 young (2048K), 2 survivors (2048K)
 Metaspace       used 123667K, committed 124608K, reserved 1179648K
  class space    used 16211K, committed 16640K, reserved 1048576K
GC Heap History (20 events):
Event: 2554.793 GC heap after
{Heap after GC invocations=50 (full 0):
 garbage-first heap   total 261120K, used 180365K [0x0000000080000000, 0x0000000100000000)
  region size 1024K, 4 young (4096K), 4 survivors (4096K)
 Metaspace       used 117055K, committed 117952K, reserved 1179648K
  class space    used 15237K, committed 15680K, reserved 1048576K
}
Event: 2555.655 GC heap before
{Heap before GC invocations=50 (full 0):
 garbage-first heap   total 261120K, used 220301K [0x0000000080000000, 0x0000000100000000)
  region size 1024K, 44 young (45056K), 4 survivors (4096K)
 Metaspace       used 119990K, committed 120832K, reserved 1179648K
  class space    used 15637K, committed 16064K, reserved 1048576K
}
Event: 2555.659 GC heap after
{Heap after GC invocations=51 (full 0):
 garbage-first heap   total 261120K, used 181046K [0x0000000080000000, 0x0000000100000000)
  region size 1024K, 2 young (2048K), 2 survivors (2048K)
 Metaspace       used 119990K, committed 120832K, reserved 1179648K
  class space    used 15637K, committed 16064K, reserved 1048576K
}
Event: 2556.177 GC heap before
{Heap before GC invocations=51 (full 0):
 garbage-first heap   total 261120K, used 220982K [0x0000000080000000, 0x0000000100000000)
  region size 1024K, 42 young (43008K), 2 survivors (2048K)
 Metaspace       used 122009K, committed 122880K, reserved 1179648K
  class space    used 15884K, committed 16320K, reserved 1048576K
}
Event: 2556.182 GC heap after
{Heap after GC invocations=52 (full 0):
 garbage-first heap   total 261120K, used 185237K [0x0000000080000000, 0x0000000100000000)
  region size 1024K, 6 young (6144K), 6 survivors (6144K)
 Metaspace       used 122009K, committed 122880K, reserved 1179648K
  class space    used 15884K, committed 16320K, reserved 1048576K
}
Event: 2556.420 GC heap before
{Heap before GC invocations=52 (full 0):
 garbage-first heap   total 261120K, used 221077K [0x0000000080000000, 0x0000000100000000)
  region size 1024K, 42 young (43008K), 6 survivors (6144K)
 Metaspace       used 122290K, committed 123136K, reserved 1179648K
  class space    used 15923K, committed 16320K, reserved 1048576K
}
Event: 2556.424 GC heap after
{Heap after GC invocations=53 (full 0):
 garbage-first heap   total 261120K, used 186500K [0x0000000080000000, 0x0000000100000000)
  region size 1024K, 4 young (4096K), 4 survivors (4096K)
 Metaspace       used 122290K, committed 123136K, reserved 1179648K
  class space    used 15923K, committed 16320K, reserved 1048576K
}
Event: 2556.608 GC heap before
{Heap before GC invocations=53 (full 0):
 garbage-first heap   total 261120K, used 222340K [0x0000000080000000, 0x0000000100000000)
  region size 1024K, 40 young (40960K), 4 survivors (4096K)
 Metaspace       used 122460K, committed 123328K, reserved 1179648K
  class space    used 15954K, committed 16384K, reserved 1048576K
}
Event: 2556.612 GC heap after
{Heap after GC invocations=54 (full 0):
 garbage-first heap   total 261120K, used 188779K [0x0000000080000000, 0x0000000100000000)
  region size 1024K, 5 young (5120K), 5 survivors (5120K)
 Metaspace       used 122460K, committed 123328K, reserved 1179648K
  class space    used 15954K, committed 16384K, reserved 1048576K
}
Event: 2556.916 GC heap before
{Heap before GC invocations=54 (full 0):
 garbage-first heap   total 261120K, used 221547K [0x0000000080000000, 0x0000000100000000)
  region size 1024K, 38 young (38912K), 5 survivors (5120K)
 Metaspace       used 122897K, committed 123776K, reserved 1179648K
  class space    used 16067K, committed 16512K, reserved 1048576K
}
Event: 2556.921 GC heap after
{Heap after GC invocations=55 (full 0):
 garbage-first heap   total 261120K, used 188832K [0x0000000080000000, 0x0000000100000000)
  region size 1024K, 3 young (3072K), 3 survivors (3072K)
 Metaspace       used 122897K, committed 123776K, reserved 1179648K
  class space    used 16067K, committed 16512K, reserved 1048576K
}
Event: 2557.286 GC heap before
{Heap before GC invocations=55 (full 0):
 garbage-first heap   total 261120K, used 216480K [0x0000000080000000, 0x0000000100000000)
  region size 1024K, 32 young (32768K), 3 survivors (3072K)
 Metaspace       used 123452K, committed 124288K, reserved 1179648K
  class space    used 16150K, committed 16576K, reserved 1048576K
}
Event: 2557.291 GC heap after
{Heap after GC invocations=56 (full 0):
 garbage-first heap   total 261120K, used 190483K [0x0000000080000000, 0x0000000100000000)
  region size 1024K, 4 young (4096K), 4 survivors (4096K)
 Metaspace       used 123452K, committed 124288K, reserved 1179648K
  class space    used 16150K, committed 16576K, reserved 1048576K
}
Event: 2557.471 GC heap before
{Heap before GC invocations=57 (full 0):
 garbage-first heap   total 280576K, used 194579K [0x0000000080000000, 0x0000000100000000)
  region size 1024K, 35 young (35840K), 4 survivors (4096K)
 Metaspace       used 123449K, committed 124544K, reserved 1179648K
  class space    used 16154K, committed 16640K, reserved 1048576K
}
Event: 2557.476 GC heap after
{Heap after GC invocations=58 (full 0):
 garbage-first heap   total 280576K, used 169618K [0x0000000080000000, 0x0000000100000000)
  region size 1024K, 5 young (5120K), 5 survivors (5120K)
 Metaspace       used 123449K, committed 124544K, reserved 1179648K
  class space    used 16154K, committed 16640K, reserved 1048576K
}
Event: 2557.495 GC heap before
{Heap before GC invocations=58 (full 0):
 garbage-first heap   total 280576K, used 176786K [0x0000000080000000, 0x0000000100000000)
  region size 1024K, 13 young (13312K), 5 survivors (5120K)
 Metaspace       used 123475K, committed 124544K, reserved 1179648K
  class space    used 16164K, committed 16640K, reserved 1048576K
}
Event: 2557.499 GC heap after
{Heap after GC invocations=59 (full 0):
 garbage-first heap   total 280576K, used 142483K [0x0000000080000000, 0x0000000100000000)
  region size 1024K, 2 young (2048K), 2 survivors (2048K)
 Metaspace       used 123475K, committed 124544K, reserved 1179648K
  class space    used 16164K, committed 16640K, reserved 1048576K
}
Event: 2557.523 GC heap before
{Heap before GC invocations=59 (full 0):
 garbage-first heap   total 280576K, used 152723K [0x0000000080000000, 0x0000000100000000)
  region size 1024K, 13 young (13312K), 2 survivors (2048K)
 Metaspace       used 123517K, committed 124544K, reserved 1179648K
  class space    used 16183K, committed 16640K, reserved 1048576K
}
Event: 2557.529 GC heap after
{Heap after GC invocations=60 (full 0):
 garbage-first heap   total 280576K, used 122880K [0x0000000080000000, 0x0000000100000000)
  region size 1024K, 2 young (2048K), 2 survivors (2048K)
 Metaspace       used 123517K, committed 124544K, reserved 1179648K
  class space    used 16183K, committed 16640K, reserved 1048576K
}
Event: 2557.587 GC heap before
{Heap before GC invocations=60 (full 0):
 garbage-first heap   total 280576K, used 133119K [0x0000000080000000, 0x0000000100000000)
  region size 1024K, 13 young (13312K), 2 survivors (2048K)
 Metaspace       used 123667K, committed 124608K, reserved 1179648K
  class space    used 16211K, committed 16640K, reserved 1048576K
}

