# JRE version: OpenJDK Runtime Environment (17.0.10) (build 17.0.10+0--11609105)
# Java VM: OpenJDK 64-Bit Server VM (17.0.10+0--11609105, mixed mode, tiered, compressed oops, compressed class ptrs, g1 gc, windows-amd64)
GC Precious Log:
 CPUs: 16 total, 16 available
 Memory: 15753M
 Large Page Support: Disabled
 NUMA Support: Disabled
 Compressed Oops: Enabled (32-bit)
 Heap Region Size: 1M
 Heap Min Capacity: 8M
 Heap Initial Capacity: 248M
 Heap Max Capacity: 2G
 Pre-touch: Disabled
 Parallel Workers: 13
 Concurrent Workers: 3
 Concurrent Refinement Workers: 13
 Periodic GC: Disabled
Heap:
 garbage-first heap   total 328704K, used 255827K [0x0000000080000000, 0x0000000100000000)
  region size 1024K, 5 young (5120K), 5 survivors (5120K)
 Metaspace       used 137580K, committed 138432K, reserved 1179648K
  class space    used 19133K, committed 19520K, reserved 1048576K
GC Heap History (20 events):
Event: 249.300 GC heap after
{Heap after GC invocations=48 (full 0):
 garbage-first heap   total 328704K, used 179389K [0x0000000080000000, 0x0000000100000000)
  region size 1024K, 13 young (13312K), 13 survivors (13312K)
 Metaspace       used 121602K, committed 122368K, reserved 1179648K
  class space    used 15898K, committed 16256K, reserved 1048576K
}
Event: 249.681 GC heap before
{Heap before GC invocations=48 (full 0):
 garbage-first heap   total 328704K, used 267453K [0x0000000080000000, 0x0000000100000000)
  region size 1024K, 100 young (102400K), 13 survivors (13312K)
 Metaspace       used 122072K, committed 122944K, reserved 1179648K
  class space    used 15959K, committed 16384K, reserved 1048576K
}
Event: 249.689 GC heap after
{Heap after GC invocations=49 (full 0):
 garbage-first heap   total 328704K, used 183145K [0x0000000080000000, 0x0000000100000000)
  region size 1024K, 6 young (6144K), 6 survivors (6144K)
 Metaspace       used 122072K, committed 122944K, reserved 1179648K
  class space    used 15959K, committed 16384K, reserved 1048576K
}
Event: 250.061 GC heap before
{Heap before GC invocations=49 (full 0):
 garbage-first heap   total 328704K, used 270185K [0x0000000080000000, 0x0000000100000000)
  region size 1024K, 92 young (94208K), 6 survivors (6144K)
 Metaspace       used 123374K, committed 124160K, reserved 1179648K
  class space    used 16203K, committed 16576K, reserved 1048576K
}
Event: 250.068 GC heap after
{Heap after GC invocations=50 (full 0):
 garbage-first heap   total 328704K, used 194377K [0x0000000080000000, 0x0000000100000000)
  region size 1024K, 12 young (12288K), 12 survivors (12288K)
 Metaspace       used 123374K, committed 124160K, reserved 1179648K
  class space    used 16203K, committed 16576K, reserved 1048576K
}
Event: 250.810 GC heap before
{Heap before GC invocations=50 (full 0):
 garbage-first heap   total 328704K, used 268105K [0x0000000080000000, 0x0000000100000000)
  region size 1024K, 85 young (87040K), 12 survivors (12288K)
 Metaspace       used 128397K, committed 129280K, reserved 1179648K
  class space    used 17089K, committed 17472K, reserved 1048576K
}
Event: 250.819 GC heap after
{Heap after GC invocations=51 (full 0):
 garbage-first heap   total 328704K, used 204615K [0x0000000080000000, 0x0000000100000000)
  region size 1024K, 11 young (11264K), 11 survivors (11264K)
 Metaspace       used 128397K, committed 129280K, reserved 1179648K
  class space    used 17089K, committed 17472K, reserved 1048576K
}
Event: 251.182 GC heap before
{Heap before GC invocations=51 (full 0):
 garbage-first heap   total 328704K, used 269127K [0x0000000080000000, 0x0000000100000000)
  region size 1024K, 75 young (76800K), 11 survivors (11264K)
 Metaspace       used 129930K, committed 130752K, reserved 1179648K
  class space    used 17421K, committed 17792K, reserved 1048576K
}
Event: 251.194 GC heap after
{Heap after GC invocations=52 (full 0):
 garbage-first heap   total 328704K, used 216064K [0x0000000080000000, 0x0000000100000000)
  region size 1024K, 10 young (10240K), 10 survivors (10240K)
 Metaspace       used 129930K, committed 130752K, reserved 1179648K
  class space    used 17421K, committed 17792K, reserved 1048576K
}
Event: 251.529 GC heap before
{Heap before GC invocations=52 (full 0):
 garbage-first heap   total 328704K, used 271360K [0x0000000080000000, 0x0000000100000000)
  region size 1024K, 65 young (66560K), 10 survivors (10240K)
 Metaspace       used 132501K, committed 133376K, reserved 1179648K
  class space    used 17839K, committed 18240K, reserved 1048576K
}
Event: 251.540 GC heap after
{Heap after GC invocations=53 (full 0):
 garbage-first heap   total 328704K, used 225656K [0x0000000080000000, 0x0000000100000000)
  region size 1024K, 9 young (9216K), 9 survivors (9216K)
 Metaspace       used 132501K, committed 133376K, reserved 1179648K
  class space    used 17839K, committed 18240K, reserved 1048576K
}
Event: 251.641 GC heap before
{Heap before GC invocations=53 (full 0):
 garbage-first heap   total 328704K, used 273784K [0x0000000080000000, 0x0000000100000000)
  region size 1024K, 57 young (58368K), 9 survivors (9216K)
 Metaspace       used 132813K, committed 133632K, reserved 1179648K
  class space    used 17883K, committed 18240K, reserved 1048576K
}
Event: 251.651 GC heap after
{Heap after GC invocations=54 (full 0):
 garbage-first heap   total 328704K, used 233627K [0x0000000080000000, 0x0000000100000000)
  region size 1024K, 8 young (8192K), 8 survivors (8192K)
 Metaspace       used 132813K, committed 133632K, reserved 1179648K
  class space    used 17883K, committed 18240K, reserved 1048576K
}
Event: 251.994 GC heap before
{Heap before GC invocations=54 (full 0):
 garbage-first heap   total 328704K, used 274587K [0x0000000080000000, 0x0000000100000000)
  region size 1024K, 49 young (50176K), 8 survivors (8192K)
 Metaspace       used 134646K, committed 135552K, reserved 1179648K
  class space    used 18351K, committed 18752K, reserved 1048576K
}
Event: 252.002 GC heap after
{Heap after GC invocations=55 (full 0):
 garbage-first heap   total 328704K, used 240830K [0x0000000080000000, 0x0000000100000000)
  region size 1024K, 7 young (7168K), 7 survivors (7168K)
 Metaspace       used 134646K, committed 135552K, reserved 1179648K
  class space    used 18351K, committed 18752K, reserved 1048576K
}
Event: 252.354 GC heap before
{Heap before GC invocations=55 (full 0):
 garbage-first heap   total 328704K, used 276670K [0x0000000080000000, 0x0000000100000000)
  region size 1024K, 43 young (44032K), 7 survivors (7168K)
 Metaspace       used 137025K, committed 137920K, reserved 1179648K
  class space    used 19009K, committed 19392K, reserved 1048576K
}
Event: 252.360 GC heap after
{Heap after GC invocations=56 (full 0):
 garbage-first heap   total 328704K, used 245206K [0x0000000080000000, 0x0000000100000000)
  region size 1024K, 5 young (5120K), 5 survivors (5120K)
 Metaspace       used 137025K, committed 137920K, reserved 1179648K
  class space    used 19009K, committed 19392K, reserved 1048576K
}
Event: 252.413 GC heap before
{Heap before GC invocations=56 (full 0):
 garbage-first heap   total 328704K, used 280022K [0x0000000080000000, 0x0000000100000000)
  region size 1024K, 39 young (39936K), 5 survivors (5120K)
 Metaspace       used 137297K, committed 138176K, reserved 1179648K
  class space    used 19071K, committed 19456K, reserved 1048576K
}
Event: 252.419 GC heap after
{Heap after GC invocations=57 (full 0):
 garbage-first heap   total 328704K, used 250500K [0x0000000080000000, 0x0000000100000000)
  region size 1024K, 5 young (5120K), 5 survivors (5120K)
 Metaspace       used 137297K, committed 138176K, reserved 1179648K
  class space    used 19071K, committed 19456K, reserved 1048576K
}
Event: 252.465 GC heap before
{Heap before GC invocations=57 (full 0):
 garbage-first heap   total 328704K, used 281220K [0x0000000080000000, 0x0000000100000000)
  region size 1024K, 35 young (35840K), 5 survivors (5120K)
 Metaspace       used 137580K, committed 138432K, reserved 1179648K
  class space    used 19133K, committed 19520K, reserved 1048576K
}

