# JRE version: OpenJDK Runtime Environment (17.0.10) (build 17.0.10+0--11572160)
# Java VM: OpenJDK 64-Bit Server VM (17.0.10+0--11572160, mixed mode, tiered, compressed oops, compressed class ptrs, g1 gc, windows-amd64)
GC Precious Log:
 CPUs: 16 total, 16 available
 Memory: 15753M
 Large Page Support: Disabled
 NUMA Support: Disabled
 Compressed Oops: Enabled (32-bit)
 Heap Region Size: 1M
 Heap Min Capacity: 8M
 Heap Initial Capacity: 248M
 Heap Max Capacity: 2G
 Pre-touch: Disabled
 Parallel Workers: 13
 Concurrent Workers: 3
 Concurrent Refinement Workers: 13
 Periodic GC: Disabled
Heap:
 garbage-first heap   total 253952K, used 149719K [0x0000000080000000, 0x0000000100000000)
  region size 1024K, 8 young (8192K), 8 survivors (8192K)
 Metaspace       used 112415K, committed 113216K, reserved 1179648K
  class space    used 15043K, committed 15424K, reserved 1048576K
GC Heap History (20 events):
Event: 18.565 GC heap after
{Heap after GC invocations=35 (full 0):
 garbage-first heap   total 202752K, used 111181K [0x0000000080000000, 0x0000000100000000)
  region size 1024K, 5 young (5120K), 5 survivors (5120K)
 Metaspace       used 90543K, committed 91328K, reserved 1179648K
  class space    used 12368K, committed 12736K, reserved 1048576K
}
Event: 19.544 GC heap before
{Heap before GC invocations=35 (full 0):
 garbage-first heap   total 202752K, used 182861K [0x0000000080000000, 0x0000000100000000)
  region size 1024K, 60 young (61440K), 5 survivors (5120K)
 Metaspace       used 95550K, committed 96384K, reserved 1179648K
  class space    used 12960K, committed 13376K, reserved 1048576K
}
Event: 19.553 GC heap after
{Heap after GC invocations=36 (full 0):
 garbage-first heap   total 202752K, used 131063K [0x0000000080000000, 0x0000000100000000)
  region size 1024K, 8 young (8192K), 8 survivors (8192K)
 Metaspace       used 95550K, committed 96384K, reserved 1179648K
  class space    used 12960K, committed 13376K, reserved 1048576K
}
Event: 20.047 GC heap before
{Heap before GC invocations=36 (full 0):
 garbage-first heap   total 202752K, used 169975K [0x0000000080000000, 0x0000000100000000)
  region size 1024K, 46 young (47104K), 8 survivors (8192K)
 Metaspace       used 98628K, committed 99392K, reserved 1179648K
  class space    used 13363K, committed 13696K, reserved 1048576K
}
Event: 20.054 GC heap after
{Heap after GC invocations=37 (full 0):
 garbage-first heap   total 202752K, used 135148K [0x0000000080000000, 0x0000000100000000)
  region size 1024K, 4 young (4096K), 4 survivors (4096K)
 Metaspace       used 98628K, committed 99392K, reserved 1179648K
  class space    used 13363K, committed 13696K, reserved 1048576K
}
Event: 20.192 GC heap before
{Heap before GC invocations=37 (full 0):
 garbage-first heap   total 202752K, used 141292K [0x0000000080000000, 0x0000000100000000)
  region size 1024K, 12 young (12288K), 4 survivors (4096K)
 Metaspace       used 99196K, committed 99968K, reserved 1179648K
  class space    used 13427K, committed 13760K, reserved 1048576K
}
Event: 20.196 GC heap after
{Heap after GC invocations=38 (full 0):
 garbage-first heap   total 202752K, used 135635K [0x0000000080000000, 0x0000000100000000)
  region size 1024K, 1 young (1024K), 1 survivors (1024K)
 Metaspace       used 99196K, committed 99968K, reserved 1179648K
  class space    used 13427K, committed 13760K, reserved 1048576K
}
Event: 20.846 GC heap before
{Heap before GC invocations=39 (full 0):
 garbage-first heap   total 237568K, used 171475K [0x0000000080000000, 0x0000000100000000)
  region size 1024K, 35 young (35840K), 1 survivors (1024K)
 Metaspace       used 103599K, committed 104448K, reserved 1179648K
  class space    used 13961K, committed 14336K, reserved 1048576K
}
Event: 20.853 GC heap after
{Heap after GC invocations=40 (full 0):
 garbage-first heap   total 237568K, used 136363K [0x0000000080000000, 0x0000000100000000)
  region size 1024K, 2 young (2048K), 2 survivors (2048K)
 Metaspace       used 103599K, committed 104448K, reserved 1179648K
  class space    used 13961K, committed 14336K, reserved 1048576K
}
Event: 21.004 GC heap before
{Heap before GC invocations=40 (full 0):
 garbage-first heap   total 237568K, used 145579K [0x0000000080000000, 0x0000000100000000)
  region size 1024K, 11 young (11264K), 2 survivors (2048K)
 Metaspace       used 104344K, committed 105152K, reserved 1179648K
  class space    used 14113K, committed 14464K, reserved 1048576K
}
Event: 21.010 GC heap after
{Heap after GC invocations=41 (full 0):
 garbage-first heap   total 237568K, used 134875K [0x0000000080000000, 0x0000000100000000)
  region size 1024K, 2 young (2048K), 2 survivors (2048K)
 Metaspace       used 104344K, committed 105152K, reserved 1179648K
  class space    used 14113K, committed 14464K, reserved 1048576K
}
Event: 22.212 GC heap before
{Heap before GC invocations=41 (full 0):
 garbage-first heap   total 237568K, used 196315K [0x0000000080000000, 0x0000000100000000)
  region size 1024K, 62 young (63488K), 2 survivors (2048K)
 Metaspace       used 110523K, committed 111360K, reserved 1179648K
  class space    used 14863K, committed 15232K, reserved 1048576K
}
Event: 22.220 GC heap after
{Heap after GC invocations=42 (full 0):
 garbage-first heap   total 237568K, used 139178K [0x0000000080000000, 0x0000000100000000)
  region size 1024K, 6 young (6144K), 6 survivors (6144K)
 Metaspace       used 110523K, committed 111360K, reserved 1179648K
  class space    used 14863K, committed 15232K, reserved 1048576K
}
Event: 22.603 GC heap before
{Heap before GC invocations=43 (full 0):
 garbage-first heap   total 239616K, used 196522K [0x0000000080000000, 0x0000000100000000)
  region size 1024K, 63 young (64512K), 6 survivors (6144K)
 Metaspace       used 110961K, committed 111744K, reserved 1179648K
  class space    used 14896K, committed 15232K, reserved 1048576K
}
Event: 22.611 GC heap after
{Heap after GC invocations=44 (full 0):
 garbage-first heap   total 239616K, used 144126K [0x0000000080000000, 0x0000000100000000)
  region size 1024K, 6 young (6144K), 6 survivors (6144K)
 Metaspace       used 110961K, committed 111744K, reserved 1179648K
  class space    used 14896K, committed 15232K, reserved 1048576K
}
Event: 22.627 GC heap before
{Heap before GC invocations=44 (full 0):
 garbage-first heap   total 239616K, used 149246K [0x0000000080000000, 0x0000000100000000)
  region size 1024K, 11 young (11264K), 6 survivors (6144K)
 Metaspace       used 110961K, committed 111744K, reserved 1179648K
  class space    used 14896K, committed 15232K, reserved 1048576K
}
Event: 22.634 GC heap after
{Heap after GC invocations=45 (full 0):
 garbage-first heap   total 239616K, used 143291K [0x0000000080000000, 0x0000000100000000)
  region size 1024K, 2 young (2048K), 2 survivors (2048K)
 Metaspace       used 110961K, committed 111744K, reserved 1179648K
  class space    used 14896K, committed 15232K, reserved 1048576K
}
Event: 22.839 GC heap before
{Heap before GC invocations=45 (full 0):
 garbage-first heap   total 239616K, used 198587K [0x0000000080000000, 0x0000000100000000)
  region size 1024K, 57 young (58368K), 2 survivors (2048K)
 Metaspace       used 111131K, committed 111936K, reserved 1179648K
  class space    used 14904K, committed 15296K, reserved 1048576K
}
Event: 22.842 GC heap after
{Heap after GC invocations=46 (full 0):
 garbage-first heap   total 239616K, used 145460K [0x0000000080000000, 0x0000000100000000)
  region size 1024K, 5 young (5120K), 5 survivors (5120K)
 Metaspace       used 111131K, committed 111936K, reserved 1179648K
  class space    used 14904K, committed 15296K, reserved 1048576K
}
Event: 23.441 GC heap before
{Heap before GC invocations=46 (full 0):
 garbage-first heap   total 239616K, used 198708K [0x0000000080000000, 0x0000000100000000)
  region size 1024K, 58 young (59392K), 5 survivors (5120K)
 Metaspace       used 112415K, committed 113216K, reserved 1179648K
  class space    used 15043K, committed 15424K, reserved 1048576K
}

