# JRE version: OpenJDK Runtime Environment (17.0.10) (build 17.0.10+0--11572160)
# Java VM: OpenJDK 64-Bit Server VM (17.0.10+0--11572160, mixed mode, tiered, compressed oops, compressed class ptrs, g1 gc, windows-amd64)
GC Precious Log:
 CPUs: 16 total, 16 available
 Memory: 15753M
 Large Page Support: Disabled
 NUMA Support: Disabled
 Compressed Oops: Enabled (32-bit)
 Heap Region Size: 1M
 Heap Min Capacity: 8M
 Heap Initial Capacity: 248M
 Heap Max Capacity: 2G
 Pre-touch: Disabled
 Parallel Workers: 13
 Concurrent Workers: 3
 Concurrent Refinement Workers: 13
 Periodic GC: Disabled
Heap:
 garbage-first heap   total 212992K, used 149698K [0x0000000080000000, 0x0000000100000000)
  region size 1024K, 2 young (2048K), 2 survivors (2048K)
 Metaspace       used 105816K, committed 106624K, reserved 1179648K
  class space    used 14137K, committed 14528K, reserved 1048576K
GC Heap History (20 events):
Event: 20.886 GC heap after
{Heap after GC invocations=40 (full 0):
 garbage-first heap   total 177152K, used 99085K [0x0000000080000000, 0x0000000100000000)
  region size 1024K, 7 young (7168K), 7 survivors (7168K)
 Metaspace       used 98175K, committed 98944K, reserved 1179648K
  class space    used 13358K, committed 13696K, reserved 1048576K
}
Event: 21.545 GC heap before
{Heap before GC invocations=40 (full 0):
 garbage-first heap   total 177152K, used 149261K [0x0000000080000000, 0x0000000100000000)
  region size 1024K, 48 young (49152K), 7 survivors (7168K)
 Metaspace       used 98878K, committed 99648K, reserved 1179648K
  class space    used 13434K, committed 13760K, reserved 1048576K
}
Event: 21.558 GC heap after
{Heap after GC invocations=41 (full 0):
 garbage-first heap   total 177152K, used 117928K [0x0000000080000000, 0x0000000100000000)
  region size 1024K, 6 young (6144K), 6 survivors (6144K)
 Metaspace       used 98878K, committed 99648K, reserved 1179648K
  class space    used 13434K, committed 13760K, reserved 1048576K
}
Event: 22.163 GC heap before
{Heap before GC invocations=41 (full 0):
 garbage-first heap   total 177152K, used 148648K [0x0000000080000000, 0x0000000100000000)
  region size 1024K, 29 young (29696K), 6 survivors (6144K)
 Metaspace       used 99312K, committed 100032K, reserved 1179648K
  class space    used 13478K, committed 13824K, reserved 1048576K
}
Event: 22.170 GC heap after
{Heap after GC invocations=42 (full 0):
 garbage-first heap   total 177152K, used 123534K [0x0000000080000000, 0x0000000100000000)
  region size 1024K, 4 young (4096K), 4 survivors (4096K)
 Metaspace       used 99312K, committed 100032K, reserved 1179648K
  class space    used 13478K, committed 13824K, reserved 1048576K
}
Event: 22.609 GC heap before
{Heap before GC invocations=42 (full 0):
 garbage-first heap   total 177152K, used 144014K [0x0000000080000000, 0x0000000100000000)
  region size 1024K, 25 young (25600K), 4 survivors (4096K)
 Metaspace       used 101477K, committed 102208K, reserved 1179648K
  class space    used 13746K, committed 14080K, reserved 1048576K
}
Event: 22.617 GC heap after
{Heap after GC invocations=43 (full 0):
 garbage-first heap   total 177152K, used 125539K [0x0000000080000000, 0x0000000100000000)
  region size 1024K, 2 young (2048K), 2 survivors (2048K)
 Metaspace       used 101477K, committed 102208K, reserved 1179648K
  class space    used 13746K, committed 14080K, reserved 1048576K
}
Event: 23.016 GC heap before
{Heap before GC invocations=43 (full 0):
 garbage-first heap   total 177152K, used 150115K [0x0000000080000000, 0x0000000100000000)
  region size 1024K, 23 young (23552K), 2 survivors (2048K)
 Metaspace       used 101746K, committed 102464K, reserved 1179648K
  class space    used 13763K, committed 14080K, reserved 1048576K
}
Event: 23.023 GC heap after
{Heap after GC invocations=44 (full 0):
 garbage-first heap   total 177152K, used 133404K [0x0000000080000000, 0x0000000100000000)
  region size 1024K, 3 young (3072K), 3 survivors (3072K)
 Metaspace       used 101746K, committed 102464K, reserved 1179648K
  class space    used 13763K, committed 14080K, reserved 1048576K
}
Event: 23.241 GC heap before
{Heap before GC invocations=44 (full 0):
 garbage-first heap   total 177152K, used 160028K [0x0000000080000000, 0x0000000100000000)
  region size 1024K, 16 young (16384K), 3 survivors (3072K)
 Metaspace       used 102078K, committed 102848K, reserved 1179648K
  class space    used 13793K, committed 14144K, reserved 1048576K
}
Event: 23.246 GC heap after
{Heap after GC invocations=45 (full 0):
 garbage-first heap   total 177152K, used 137930K [0x0000000080000000, 0x0000000100000000)
  region size 1024K, 2 young (2048K), 2 survivors (2048K)
 Metaspace       used 102078K, committed 102848K, reserved 1179648K
  class space    used 13793K, committed 14144K, reserved 1048576K
}
Event: 23.290 GC heap before
{Heap before GC invocations=45 (full 0):
 garbage-first heap   total 177152K, used 148170K [0x0000000080000000, 0x0000000100000000)
  region size 1024K, 13 young (13312K), 2 survivors (2048K)
 Metaspace       used 102185K, committed 102912K, reserved 1179648K
  class space    used 13804K, committed 14144K, reserved 1048576K
}
Event: 23.293 GC heap after
{Heap after GC invocations=46 (full 0):
 garbage-first heap   total 212992K, used 139846K [0x0000000080000000, 0x0000000100000000)
  region size 1024K, 2 young (2048K), 2 survivors (2048K)
 Metaspace       used 102185K, committed 102912K, reserved 1179648K
  class space    used 13804K, committed 14144K, reserved 1048576K
}
Event: 23.496 GC heap before
{Heap before GC invocations=46 (full 0):
 garbage-first heap   total 212992K, used 172614K [0x0000000080000000, 0x0000000100000000)
  region size 1024K, 35 young (35840K), 2 survivors (2048K)
 Metaspace       used 103761K, committed 104576K, reserved 1179648K
  class space    used 13944K, committed 14336K, reserved 1048576K
}
Event: 23.502 GC heap after
{Heap after GC invocations=47 (full 0):
 garbage-first heap   total 212992K, used 144663K [0x0000000080000000, 0x0000000100000000)
  region size 1024K, 5 young (5120K), 5 survivors (5120K)
 Metaspace       used 103761K, committed 104576K, reserved 1179648K
  class space    used 13944K, committed 14336K, reserved 1048576K
}
Event: 23.691 GC heap before
{Heap before GC invocations=47 (full 0):
 garbage-first heap   total 212992K, used 174359K [0x0000000080000000, 0x0000000100000000)
  region size 1024K, 35 young (35840K), 5 survivors (5120K)
 Metaspace       used 105193K, committed 105984K, reserved 1179648K
  class space    used 14098K, committed 14464K, reserved 1048576K
}
Event: 23.700 GC heap after
{Heap after GC invocations=48 (full 0):
 garbage-first heap   total 212992K, used 148114K [0x0000000080000000, 0x0000000100000000)
  region size 1024K, 4 young (4096K), 4 survivors (4096K)
 Metaspace       used 105193K, committed 105984K, reserved 1179648K
  class space    used 14098K, committed 14464K, reserved 1048576K
}
Event: 23.808 GC heap before
{Heap before GC invocations=48 (full 0):
 garbage-first heap   total 212992K, used 175762K [0x0000000080000000, 0x0000000100000000)
  region size 1024K, 32 young (32768K), 4 survivors (4096K)
 Metaspace       used 105335K, committed 106112K, reserved 1179648K
  class space    used 14099K, committed 14464K, reserved 1048576K
}
Event: 23.812 GC heap after
{Heap after GC invocations=49 (full 0):
 garbage-first heap   total 212992K, used 149960K [0x0000000080000000, 0x0000000100000000)
  region size 1024K, 3 young (3072K), 3 survivors (3072K)
 Metaspace       used 105335K, committed 106112K, reserved 1179648K
  class space    used 14099K, committed 14464K, reserved 1048576K
}
Event: 23.904 GC heap before
{Heap before GC invocations=49 (full 0):
 garbage-first heap   total 212992K, used 177608K [0x0000000080000000, 0x0000000100000000)
  region size 1024K, 31 young (31744K), 3 survivors (3072K)
 Metaspace       used 105816K, committed 106624K, reserved 1179648K
  class space    used 14137K, committed 14528K, reserved 1048576K
}

