# JRE version: OpenJDK Runtime Environment (17.0.10) (build 17.0.10+0--11572160)
# Java VM: OpenJDK 64-Bit Server VM (17.0.10+0--11572160, mixed mode, tiered, compressed oops, compressed class ptrs, g1 gc, windows-amd64)
GC Precious Log:
 CPUs: 16 total, 16 available
 Memory: 15753M
 Large Page Support: Disabled
 NUMA Support: Disabled
 Compressed Oops: Enabled (32-bit)
 Heap Region Size: 1M
 Heap Min Capacity: 8M
 Heap Initial Capacity: 248M
 Heap Max Capacity: 2G
 Pre-touch: Disabled
 Parallel Workers: 13
 Concurrent Workers: 3
 Concurrent Refinement Workers: 13
 Periodic GC: Disabled
Heap:
 garbage-first heap   total 289792K, used 204582K [0x0000000080000000, 0x0000000100000000)
  region size 1024K, 44 young (45056K), 5 survivors (5120K)
 Metaspace       used 113298K, committed 114112K, reserved 1179648K
  class space    used 14888K, committed 15296K, reserved 1048576K
GC Heap History (20 events):
Event: 19.609 GC heap before
{Heap before GC invocations=44 (full 0):
 garbage-first heap   total 189440K, used 154624K [0x0000000080000000, 0x0000000100000000)
  region size 1024K, 22 young (22528K), 5 survivors (5120K)
 Metaspace       used 106923K, committed 107648K, reserved 1179648K
  class space    used 14243K, committed 14592K, reserved 1048576K
}
Event: 19.613 GC heap after
{Heap after GC invocations=45 (full 0):
 garbage-first heap   total 189440K, used 140478K [0x0000000080000000, 0x0000000100000000)
  region size 1024K, 2 young (2048K), 2 survivors (2048K)
 Metaspace       used 106923K, committed 107648K, reserved 1179648K
  class space    used 14243K, committed 14592K, reserved 1048576K
}
Event: 19.858 GC heap before
{Heap before GC invocations=45 (full 0):
 garbage-first heap   total 189440K, used 164030K [0x0000000080000000, 0x0000000100000000)
  region size 1024K, 18 young (18432K), 2 survivors (2048K)
 Metaspace       used 107075K, committed 107840K, reserved 1179648K
  class space    used 14255K, committed 14592K, reserved 1048576K
}
Event: 19.862 GC heap after
{Heap after GC invocations=46 (full 0):
 garbage-first heap   total 189440K, used 143011K [0x0000000080000000, 0x0000000100000000)
  region size 1024K, 3 young (3072K), 3 survivors (3072K)
 Metaspace       used 107075K, committed 107840K, reserved 1179648K
  class space    used 14255K, committed 14592K, reserved 1048576K
}
Event: 20.060 GC heap before
{Heap before GC invocations=46 (full 0):
 garbage-first heap   total 189440K, used 158371K [0x0000000080000000, 0x0000000100000000)
  region size 1024K, 19 young (19456K), 3 survivors (3072K)
 Metaspace       used 108296K, committed 109056K, reserved 1179648K
  class space    used 14410K, committed 14784K, reserved 1048576K
}
Event: 20.064 GC heap after
{Heap after GC invocations=47 (full 0):
 garbage-first heap   total 189440K, used 145831K [0x0000000080000000, 0x0000000100000000)
  region size 1024K, 3 young (3072K), 3 survivors (3072K)
 Metaspace       used 108296K, committed 109056K, reserved 1179648K
  class space    used 14410K, committed 14784K, reserved 1048576K
}
Event: 20.246 GC heap before
{Heap before GC invocations=47 (full 0):
 garbage-first heap   total 189440K, used 159143K [0x0000000080000000, 0x0000000100000000)
  region size 1024K, 17 young (17408K), 3 survivors (3072K)
 Metaspace       used 109287K, committed 110080K, reserved 1179648K
  class space    used 14521K, committed 14912K, reserved 1048576K
}
Event: 20.248 GC heap after
{Heap after GC invocations=48 (full 0):
 garbage-first heap   total 189440K, used 146417K [0x0000000080000000, 0x0000000100000000)
  region size 1024K, 1 young (1024K), 1 survivors (1024K)
 Metaspace       used 109287K, committed 110080K, reserved 1179648K
  class space    used 14521K, committed 14912K, reserved 1048576K
}
Event: 20.461 GC heap before
{Heap before GC invocations=48 (full 0):
 garbage-first heap   total 189440K, used 160753K [0x0000000080000000, 0x0000000100000000)
  region size 1024K, 16 young (16384K), 1 survivors (1024K)
 Metaspace       used 109393K, committed 110208K, reserved 1179648K
  class space    used 14531K, committed 14912K, reserved 1048576K
}
Event: 20.463 GC heap after
{Heap after GC invocations=49 (full 0):
 garbage-first heap   total 189440K, used 146294K [0x0000000080000000, 0x0000000100000000)
  region size 1024K, 1 young (1024K), 1 survivors (1024K)
 Metaspace       used 109393K, committed 110208K, reserved 1179648K
  class space    used 14531K, committed 14912K, reserved 1048576K
}
Event: 20.727 GC heap before
{Heap before GC invocations=49 (full 0):
 garbage-first heap   total 189440K, used 163702K [0x0000000080000000, 0x0000000100000000)
  region size 1024K, 12 young (12288K), 1 survivors (1024K)
 Metaspace       used 109509K, committed 110272K, reserved 1179648K
  class space    used 14539K, committed 14912K, reserved 1048576K
}
Event: 20.733 GC heap after
{Heap after GC invocations=50 (full 0):
 garbage-first heap   total 189440K, used 156924K [0x0000000080000000, 0x0000000100000000)
  region size 1024K, 3 young (3072K), 3 survivors (3072K)
 Metaspace       used 109509K, committed 110272K, reserved 1179648K
  class space    used 14539K, committed 14912K, reserved 1048576K
}
Event: 20.749 GC heap before
{Heap before GC invocations=50 (full 0):
 garbage-first heap   total 189440K, used 165116K [0x0000000080000000, 0x0000000100000000)
  region size 1024K, 4 young (4096K), 3 survivors (3072K)
 Metaspace       used 109509K, committed 110272K, reserved 1179648K
  class space    used 14539K, committed 14912K, reserved 1048576K
}
Event: 20.753 GC heap after
{Heap after GC invocations=51 (full 0):
 garbage-first heap   total 189440K, used 161320K [0x0000000080000000, 0x0000000100000000)
  region size 1024K, 1 young (1024K), 1 survivors (1024K)
 Metaspace       used 109509K, committed 110272K, reserved 1179648K
  class space    used 14539K, committed 14912K, reserved 1048576K
}
Event: 20.756 GC heap before
{Heap before GC invocations=51 (full 0):
 garbage-first heap   total 189440K, used 169512K [0x0000000080000000, 0x0000000100000000)
  region size 1024K, 2 young (2048K), 1 survivors (1024K)
 Metaspace       used 109509K, committed 110272K, reserved 1179648K
  class space    used 14539K, committed 14912K, reserved 1048576K
}
Event: 20.760 GC heap after
{Heap after GC invocations=52 (full 0):
 garbage-first heap   total 289792K, used 166431K [0x0000000080000000, 0x0000000100000000)
  region size 1024K, 1 young (1024K), 1 survivors (1024K)
 Metaspace       used 109509K, committed 110272K, reserved 1179648K
  class space    used 14539K, committed 14912K, reserved 1048576K
}
Event: 21.129 GC heap before
{Heap before GC invocations=52 (full 0):
 garbage-first heap   total 289792K, used 241183K [0x0000000080000000, 0x0000000100000000)
  region size 1024K, 70 young (71680K), 1 survivors (1024K)
 Metaspace       used 111366K, committed 112192K, reserved 1179648K
  class space    used 14702K, committed 15104K, reserved 1048576K
}
Event: 21.137 GC heap after
{Heap after GC invocations=53 (full 0):
 garbage-first heap   total 289792K, used 173446K [0x0000000080000000, 0x0000000100000000)
  region size 1024K, 9 young (9216K), 9 survivors (9216K)
 Metaspace       used 111366K, committed 112192K, reserved 1179648K
  class space    used 14702K, committed 15104K, reserved 1048576K
}
Event: 21.378 GC heap before
{Heap before GC invocations=53 (full 0):
 garbage-first heap   total 289792K, used 234886K [0x0000000080000000, 0x0000000100000000)
  region size 1024K, 70 young (71680K), 9 survivors (9216K)
 Metaspace       used 113148K, committed 113984K, reserved 1179648K
  class space    used 14878K, committed 15296K, reserved 1048576K
}
Event: 21.386 GC heap after
{Heap after GC invocations=54 (full 0):
 garbage-first heap   total 289792K, used 177958K [0x0000000080000000, 0x0000000100000000)
  region size 1024K, 5 young (5120K), 5 survivors (5120K)
 Metaspace       used 113148K, committed 113984K, reserved 1179648K
  class space    used 14878K, committed 15296K, reserved 1048576K
}

