# JRE version: OpenJDK Runtime Environment (17.0.10) (build 17.0.10+0--11572160)
# Java VM: OpenJDK 64-Bit Server VM (17.0.10+0--11572160, mixed mode, tiered, compressed oops, compressed class ptrs, g1 gc, windows-amd64)
GC Precious Log:
 CPUs: 16 total, 16 available
 Memory: 15753M
 Large Page Support: Disabled
 NUMA Support: Disabled
 Compressed Oops: Enabled (32-bit)
 Heap Region Size: 1M
 Heap Min Capacity: 8M
 Heap Initial Capacity: 248M
 Heap Max Capacity: 2G
 Pre-touch: Disabled
 Parallel Workers: 13
 Concurrent Workers: 3
 Concurrent Refinement Workers: 13
 Periodic GC: Disabled
Heap:
 garbage-first heap   total 281600K, used 172758K [0x0000000080000000, 0x0000000100000000)
  region size 1024K, 14 young (14336K), 7 survivors (7168K)
 Metaspace       used 108707K, committed 109504K, reserved 1179648K
  class space    used 14420K, committed 14848K, reserved 1048576K
GC Heap History (20 events):
Event: 15.419 GC heap before
{Heap before GC invocations=38 (full 0):
 garbage-first heap   total 232448K, used 184273K [0x0000000080000000, 0x0000000100000000)
  region size 1024K, 94 young (96256K), 6 survivors (6144K)
 Metaspace       used 99312K, committed 99968K, reserved 1179648K
  class space    used 13425K, committed 13760K, reserved 1048576K
}
Event: 15.428 GC heap after
{Heap after GC invocations=39 (full 0):
 garbage-first heap   total 232448K, used 106930K [0x0000000080000000, 0x0000000100000000)
  region size 1024K, 12 young (12288K), 12 survivors (12288K)
 Metaspace       used 99312K, committed 99968K, reserved 1179648K
  class space    used 13425K, committed 13760K, reserved 1048576K
}
Event: 16.367 GC heap before
{Heap before GC invocations=39 (full 0):
 garbage-first heap   total 232448K, used 198066K [0x0000000080000000, 0x0000000100000000)
  region size 1024K, 85 young (87040K), 12 survivors (12288K)
 Metaspace       used 99914K, committed 100608K, reserved 1179648K
  class space    used 13482K, committed 13824K, reserved 1048576K
}
Event: 16.380 GC heap after
{Heap after GC invocations=40 (full 0):
 garbage-first heap   total 234496K, used 131846K [0x0000000080000000, 0x0000000100000000)
  region size 1024K, 11 young (11264K), 11 survivors (11264K)
 Metaspace       used 99914K, committed 100608K, reserved 1179648K
  class space    used 13482K, committed 13824K, reserved 1048576K
}
Event: 16.998 GC heap before
{Heap before GC invocations=40 (full 0):
 garbage-first heap   total 234496K, used 185094K [0x0000000080000000, 0x0000000100000000)
  region size 1024K, 63 young (64512K), 11 survivors (11264K)
 Metaspace       used 102383K, committed 103104K, reserved 1179648K
  class space    used 13769K, committed 14144K, reserved 1048576K
}
Event: 17.008 GC heap after
{Heap after GC invocations=41 (full 0):
 garbage-first heap   total 234496K, used 142910K [0x0000000080000000, 0x0000000100000000)
  region size 1024K, 8 young (8192K), 8 survivors (8192K)
 Metaspace       used 102383K, committed 103104K, reserved 1179648K
  class space    used 13769K, committed 14144K, reserved 1048576K
}
Event: 17.101 GC heap before
{Heap before GC invocations=41 (full 0):
 garbage-first heap   total 234496K, used 167486K [0x0000000080000000, 0x0000000100000000)
  region size 1024K, 11 young (11264K), 8 survivors (8192K)
 Metaspace       used 102383K, committed 103104K, reserved 1179648K
  class space    used 13769K, committed 14144K, reserved 1048576K
}
Event: 17.108 GC heap after
{Heap after GC invocations=42 (full 0):
 garbage-first heap   total 234496K, used 149937K [0x0000000080000000, 0x0000000100000000)
  region size 1024K, 1 young (1024K), 1 survivors (1024K)
 Metaspace       used 102383K, committed 103104K, reserved 1179648K
  class space    used 13769K, committed 14144K, reserved 1048576K
}
Event: 17.345 GC heap before
{Heap before GC invocations=42 (full 0):
 garbage-first heap   total 234496K, used 197041K [0x0000000080000000, 0x0000000100000000)
  region size 1024K, 43 young (44032K), 1 survivors (1024K)
 Metaspace       used 103456K, committed 104192K, reserved 1179648K
  class space    used 13893K, committed 14208K, reserved 1048576K
}
Event: 17.350 GC heap after
{Heap after GC invocations=43 (full 0):
 garbage-first heap   total 234496K, used 152867K [0x0000000080000000, 0x0000000100000000)
  region size 1024K, 6 young (6144K), 6 survivors (6144K)
 Metaspace       used 103456K, committed 104192K, reserved 1179648K
  class space    used 13893K, committed 14208K, reserved 1048576K
}
Event: 17.530 GC heap before
{Heap before GC invocations=43 (full 0):
 garbage-first heap   total 234496K, used 190755K [0x0000000080000000, 0x0000000100000000)
  region size 1024K, 44 young (45056K), 6 survivors (6144K)
 Metaspace       used 104878K, committed 105600K, reserved 1179648K
  class space    used 14011K, committed 14336K, reserved 1048576K
}
Event: 17.536 GC heap after
{Heap after GC invocations=44 (full 0):
 garbage-first heap   total 234496K, used 159080K [0x0000000080000000, 0x0000000100000000)
  region size 1024K, 6 young (6144K), 6 survivors (6144K)
 Metaspace       used 104878K, committed 105600K, reserved 1179648K
  class space    used 14011K, committed 14336K, reserved 1048576K
}
Event: 17.691 GC heap before
{Heap before GC invocations=44 (full 0):
 garbage-first heap   total 234496K, used 192872K [0x0000000080000000, 0x0000000100000000)
  region size 1024K, 40 young (40960K), 6 survivors (6144K)
 Metaspace       used 106114K, committed 106816K, reserved 1179648K
  class space    used 14137K, committed 14464K, reserved 1048576K
}
Event: 17.698 GC heap after
{Heap after GC invocations=45 (full 0):
 garbage-first heap   total 281600K, used 163011K [0x0000000080000000, 0x0000000100000000)
  region size 1024K, 4 young (4096K), 4 survivors (4096K)
 Metaspace       used 106114K, committed 106816K, reserved 1179648K
  class space    used 14137K, committed 14464K, reserved 1048576K
}
Event: 17.860 GC heap before
{Heap before GC invocations=45 (full 0):
 garbage-first heap   total 281600K, used 225475K [0x0000000080000000, 0x0000000100000000)
  region size 1024K, 66 young (67584K), 4 survivors (4096K)
 Metaspace       used 106714K, committed 107456K, reserved 1179648K
  class space    used 14189K, committed 14528K, reserved 1048576K
}
Event: 17.865 GC heap after
{Heap after GC invocations=46 (full 0):
 garbage-first heap   total 281600K, used 163462K [0x0000000080000000, 0x0000000100000000)
  region size 1024K, 5 young (5120K), 5 survivors (5120K)
 Metaspace       used 106714K, committed 107456K, reserved 1179648K
  class space    used 14189K, committed 14528K, reserved 1048576K
}
Event: 18.220 GC heap before
{Heap before GC invocations=46 (full 0):
 garbage-first heap   total 281600K, used 227974K [0x0000000080000000, 0x0000000100000000)
  region size 1024K, 69 young (70656K), 5 survivors (5120K)
 Metaspace       used 108054K, committed 108864K, reserved 1179648K
  class space    used 14342K, committed 14720K, reserved 1048576K
}
Event: 18.225 GC heap after
{Heap after GC invocations=47 (full 0):
 garbage-first heap   total 281600K, used 164134K [0x0000000080000000, 0x0000000100000000)
  region size 1024K, 5 young (5120K), 5 survivors (5120K)
 Metaspace       used 108054K, committed 108864K, reserved 1179648K
  class space    used 14342K, committed 14720K, reserved 1048576K
}
Event: 18.617 GC heap before
{Heap before GC invocations=47 (full 0):
 garbage-first heap   total 281600K, used 232742K [0x0000000080000000, 0x0000000100000000)
  region size 1024K, 72 young (73728K), 5 survivors (5120K)
 Metaspace       used 108690K, committed 109504K, reserved 1179648K
  class space    used 14420K, committed 14848K, reserved 1048576K
}
Event: 18.623 GC heap after
{Heap after GC invocations=48 (full 0):
 garbage-first heap   total 281600K, used 167638K [0x0000000080000000, 0x0000000100000000)
  region size 1024K, 7 young (7168K), 7 survivors (7168K)
 Metaspace       used 108690K, committed 109504K, reserved 1179648K
  class space    used 14420K, committed 14848K, reserved 1048576K
}

