# JRE version: OpenJDK Runtime Environment (17.0.10) (build 17.0.10+0--11572160)
# Java VM: OpenJDK 64-Bit Server VM (17.0.10+0--11572160, mixed mode, tiered, compressed oops, compressed class ptrs, g1 gc, windows-amd64)
GC Precious Log:
 CPUs: 16 total, 16 available
 Memory: 15753M
 Large Page Support: Disabled
 NUMA Support: Disabled
 Compressed Oops: Enabled (32-bit)
 Heap Region Size: 1M
 Heap Min Capacity: 8M
 Heap Initial Capacity: 248M
 Heap Max Capacity: 2G
 Pre-touch: Disabled
 Parallel Workers: 13
 Concurrent Workers: 3
 Concurrent Refinement Workers: 13
 Periodic GC: Disabled
Heap:
 garbage-first heap   total 253952K, used 130518K [0x0000000080000000, 0x0000000100000000)
  region size 1024K, 5 young (5120K), 5 survivors (5120K)
 Metaspace       used 103876K, committed 104640K, reserved 1179648K
  class space    used 14009K, committed 14400K, reserved 1048576K
GC Heap History (20 events):
Event: 20.929 GC heap after
{Heap after GC invocations=47 (full 0):
 garbage-first heap   total 149504K, used 84869K [0x0000000080000000, 0x0000000100000000)
  region size 1024K, 3 young (3072K), 3 survivors (3072K)
 Metaspace       used 93116K, committed 93824K, reserved 1179648K
  class space    used 12706K, committed 13056K, reserved 1048576K
}
Event: 21.773 GC heap before
{Heap before GC invocations=48 (full 0):
 garbage-first heap   total 155648K, used 118661K [0x0000000080000000, 0x0000000100000000)
  region size 1024K, 32 young (32768K), 3 survivors (3072K)
 Metaspace       used 95810K, committed 96576K, reserved 1179648K
  class space    used 13019K, committed 13376K, reserved 1048576K
}
Event: 21.780 GC heap after
{Heap after GC invocations=49 (full 0):
 garbage-first heap   total 187392K, used 87926K [0x0000000080000000, 0x0000000100000000)
  region size 1024K, 4 young (4096K), 4 survivors (4096K)
 Metaspace       used 95810K, committed 96576K, reserved 1179648K
  class space    used 13019K, committed 13376K, reserved 1048576K
}
Event: 22.080 GC heap before
{Heap before GC invocations=49 (full 0):
 garbage-first heap   total 187392K, used 137078K [0x0000000080000000, 0x0000000100000000)
  region size 1024K, 53 young (54272K), 4 survivors (4096K)
 Metaspace       used 96061K, committed 96768K, reserved 1179648K
  class space    used 13072K, committed 13376K, reserved 1048576K
}
Event: 22.086 GC heap after
{Heap after GC invocations=50 (full 0):
 garbage-first heap   total 187392K, used 91173K [0x0000000080000000, 0x0000000100000000)
  region size 1024K, 7 young (7168K), 7 survivors (7168K)
 Metaspace       used 96061K, committed 96768K, reserved 1179648K
  class space    used 13072K, committed 13376K, reserved 1048576K
}
Event: 22.402 GC heap before
{Heap before GC invocations=51 (full 0):
 garbage-first heap   total 187392K, used 141349K [0x0000000080000000, 0x0000000100000000)
  region size 1024K, 57 young (58368K), 7 survivors (7168K)
 Metaspace       used 96219K, committed 96896K, reserved 1179648K
  class space    used 13072K, committed 13376K, reserved 1048576K
}
Event: 22.407 GC heap after
{Heap after GC invocations=52 (full 0):
 garbage-first heap   total 187392K, used 92278K [0x0000000080000000, 0x0000000100000000)
  region size 1024K, 5 young (5120K), 5 survivors (5120K)
 Metaspace       used 96219K, committed 96896K, reserved 1179648K
  class space    used 13072K, committed 13376K, reserved 1048576K
}
Event: 22.466 GC heap before
{Heap before GC invocations=52 (full 0):
 garbage-first heap   total 187392K, used 96374K [0x0000000080000000, 0x0000000100000000)
  region size 1024K, 9 young (9216K), 5 survivors (5120K)
 Metaspace       used 96290K, committed 96960K, reserved 1179648K
  class space    used 13072K, committed 13376K, reserved 1048576K
}
Event: 22.469 GC heap after
{Heap after GC invocations=53 (full 0):
 garbage-first heap   total 187392K, used 92413K [0x0000000080000000, 0x0000000100000000)
  region size 1024K, 2 young (2048K), 2 survivors (2048K)
 Metaspace       used 96290K, committed 96960K, reserved 1179648K
  class space    used 13072K, committed 13376K, reserved 1048576K
}
Event: 23.566 GC heap before
{Heap before GC invocations=53 (full 0):
 garbage-first heap   total 187392K, used 146685K [0x0000000080000000, 0x0000000100000000)
  region size 1024K, 53 young (54272K), 2 survivors (2048K)
 Metaspace       used 98552K, committed 99264K, reserved 1179648K
  class space    used 13380K, committed 13696K, reserved 1048576K
}
Event: 23.574 GC heap after
{Heap after GC invocations=54 (full 0):
 garbage-first heap   total 187392K, used 105726K [0x0000000080000000, 0x0000000100000000)
  region size 1024K, 7 young (7168K), 7 survivors (7168K)
 Metaspace       used 98552K, committed 99264K, reserved 1179648K
  class space    used 13380K, committed 13696K, reserved 1048576K
}
Event: 24.395 GC heap before
{Heap before GC invocations=54 (full 0):
 garbage-first heap   total 187392K, used 141566K [0x0000000080000000, 0x0000000100000000)
  region size 1024K, 43 young (44032K), 7 survivors (7168K)
 Metaspace       used 100432K, committed 101184K, reserved 1179648K
  class space    used 13631K, committed 14016K, reserved 1048576K
}
Event: 24.405 GC heap after
{Heap after GC invocations=55 (full 0):
 garbage-first heap   total 187392K, used 115503K [0x0000000080000000, 0x0000000100000000)
  region size 1024K, 6 young (6144K), 6 survivors (6144K)
 Metaspace       used 100432K, committed 101184K, reserved 1179648K
  class space    used 13631K, committed 14016K, reserved 1048576K
}
Event: 24.807 GC heap before
{Heap before GC invocations=55 (full 0):
 garbage-first heap   total 187392K, used 132911K [0x0000000080000000, 0x0000000100000000)
  region size 1024K, 25 young (25600K), 6 survivors (6144K)
 Metaspace       used 101456K, committed 102144K, reserved 1179648K
  class space    used 13732K, committed 14080K, reserved 1048576K
}
Event: 24.817 GC heap after
{Heap after GC invocations=56 (full 0):
 garbage-first heap   total 187392K, used 126528K [0x0000000080000000, 0x0000000100000000)
  region size 1024K, 5 young (5120K), 5 survivors (5120K)
 Metaspace       used 101456K, committed 102144K, reserved 1179648K
  class space    used 13732K, committed 14080K, reserved 1048576K
}
Event: 25.338 GC heap before
{Heap before GC invocations=57 (full 0):
 garbage-first heap   total 240640K, used 170560K [0x0000000080000000, 0x0000000100000000)
  region size 1024K, 21 young (21504K), 5 survivors (5120K)
 Metaspace       used 102716K, committed 103424K, reserved 1179648K
  class space    used 13875K, committed 14208K, reserved 1048576K
}
Event: 25.345 GC heap after
{Heap after GC invocations=58 (full 0):
 garbage-first heap   total 240640K, used 128565K [0x0000000080000000, 0x0000000100000000)
  region size 1024K, 2 young (2048K), 2 survivors (2048K)
 Metaspace       used 102716K, committed 103424K, reserved 1179648K
  class space    used 13875K, committed 14208K, reserved 1048576K
}
Event: 25.440 GC heap before
{Heap before GC invocations=58 (full 0):
 garbage-first heap   total 240640K, used 136756K [0x0000000080000000, 0x0000000100000000)
  region size 1024K, 11 young (11264K), 2 survivors (2048K)
 Metaspace       used 103535K, committed 104320K, reserved 1179648K
  class space    used 13974K, committed 14336K, reserved 1048576K
}
Event: 25.445 GC heap after
{Heap after GC invocations=59 (full 0):
 garbage-first heap   total 240640K, used 127204K [0x0000000080000000, 0x0000000100000000)
  region size 1024K, 2 young (2048K), 2 survivors (2048K)
 Metaspace       used 103535K, committed 104320K, reserved 1179648K
  class space    used 13974K, committed 14336K, reserved 1048576K
}
Event: 25.855 GC heap before
{Heap before GC invocations=59 (full 0):
 garbage-first heap   total 240640K, used 178404K [0x0000000080000000, 0x0000000100000000)
  region size 1024K, 53 young (54272K), 2 survivors (2048K)
 Metaspace       used 103876K, committed 104640K, reserved 1179648K
  class space    used 14009K, committed 14400K, reserved 1048576K
}

