# JRE version: OpenJDK Runtime Environment (17.0.10) (build 17.0.10+0--11572160)
# Java VM: OpenJDK 64-Bit Server VM (17.0.10+0--11572160, mixed mode, tiered, compressed oops, compressed class ptrs, g1 gc, windows-amd64)
GC Precious Log:
 CPUs: 16 total, 16 available
 Memory: 15753M
 Large Page Support: Disabled
 NUMA Support: Disabled
 Compressed Oops: Enabled (32-bit)
 Heap Region Size: 1M
 Heap Min Capacity: 8M
 Heap Initial Capacity: 248M
 Heap Max Capacity: 2G
 Pre-touch: Disabled
 Parallel Workers: 13
 Concurrent Workers: 3
 Concurrent Refinement Workers: 13
 Periodic GC: Disabled
Heap:
 garbage-first heap   total 342016K, used 235892K [0x0000000080000000, 0x0000000100000000)
  region size 1024K, 8 young (8192K), 4 survivors (4096K)
 Metaspace       used 134518K, committed 135680K, reserved 1179648K
  class space    used 17548K, committed 18112K, reserved 1048576K
GC Heap History (20 events):
Event: 358.895 GC heap before
{Heap before GC invocations=66 (full 0):
 garbage-first heap   total 324608K, used 233841K [0x0000000080000000, 0x0000000100000000)
  region size 1024K, 57 young (58368K), 8 survivors (8192K)
 Metaspace       used 127817K, committed 128896K, reserved 1179648K
  class space    used 16681K, committed 17216K, reserved 1048576K
}
Event: 358.906 GC heap after
{Heap after GC invocations=67 (full 0):
 garbage-first heap   total 324608K, used 191578K [0x0000000080000000, 0x0000000100000000)
  region size 1024K, 8 young (8192K), 8 survivors (8192K)
 Metaspace       used 127817K, committed 128896K, reserved 1179648K
  class space    used 16681K, committed 17216K, reserved 1048576K
}
Event: 358.983 GC heap before
{Heap before GC invocations=67 (full 0):
 garbage-first heap   total 324608K, used 197722K [0x0000000080000000, 0x0000000100000000)
  region size 1024K, 15 young (15360K), 8 survivors (8192K)
 Metaspace       used 127827K, committed 128960K, reserved 1179648K
  class space    used 16681K, committed 17216K, reserved 1048576K
}
Event: 358.993 GC heap after
{Heap after GC invocations=68 (full 0):
 garbage-first heap   total 324608K, used 176643K [0x0000000080000000, 0x0000000100000000)
  region size 1024K, 2 young (2048K), 2 survivors (2048K)
 Metaspace       used 127827K, committed 128960K, reserved 1179648K
  class space    used 16681K, committed 17216K, reserved 1048576K
}
Event: 386.268 GC heap before
{Heap before GC invocations=68 (full 0):
 garbage-first heap   total 324608K, used 260611K [0x0000000080000000, 0x0000000100000000)
  region size 1024K, 85 young (87040K), 2 survivors (2048K)
 Metaspace       used 128790K, committed 129920K, reserved 1179648K
  class space    used 16786K, committed 17280K, reserved 1048576K
}
Event: 386.280 GC heap after
{Heap after GC invocations=69 (full 0):
 garbage-first heap   total 324608K, used 184041K [0x0000000080000000, 0x0000000100000000)
  region size 1024K, 10 young (10240K), 10 survivors (10240K)
 Metaspace       used 128790K, committed 129920K, reserved 1179648K
  class space    used 16786K, committed 17280K, reserved 1048576K
}
Event: 387.597 GC heap before
{Heap before GC invocations=69 (full 0):
 garbage-first heap   total 324608K, used 262889K [0x0000000080000000, 0x0000000100000000)
  region size 1024K, 88 young (90112K), 10 survivors (10240K)
 Metaspace       used 131845K, committed 133056K, reserved 1179648K
  class space    used 17255K, committed 17856K, reserved 1048576K
}
Event: 387.608 GC heap after
{Heap after GC invocations=70 (full 0):
 garbage-first heap   total 324608K, used 192700K [0x0000000080000000, 0x0000000100000000)
  region size 1024K, 9 young (9216K), 9 survivors (9216K)
 Metaspace       used 131845K, committed 133056K, reserved 1179648K
  class space    used 17255K, committed 17856K, reserved 1048576K
}
Event: 387.932 GC heap before
{Heap before GC invocations=70 (full 0):
 garbage-first heap   total 324608K, used 218300K [0x0000000080000000, 0x0000000100000000)
  region size 1024K, 36 young (36864K), 9 survivors (9216K)
 Metaspace       used 132107K, committed 133312K, reserved 1179648K
  class space    used 17307K, committed 17920K, reserved 1048576K
}
Event: 387.941 GC heap after
{Heap after GC invocations=71 (full 0):
 garbage-first heap   total 324608K, used 197059K [0x0000000080000000, 0x0000000100000000)
  region size 1024K, 5 young (5120K), 5 survivors (5120K)
 Metaspace       used 132107K, committed 133312K, reserved 1179648K
  class space    used 17307K, committed 17920K, reserved 1048576K
}
Event: 389.433 GC heap before
{Heap before GC invocations=72 (full 0):
 garbage-first heap   total 342016K, used 268739K [0x0000000080000000, 0x0000000100000000)
  region size 1024K, 73 young (74752K), 5 survivors (5120K)
 Metaspace       used 133748K, committed 134976K, reserved 1179648K
  class space    used 17508K, committed 18112K, reserved 1048576K
}
Event: 389.446 GC heap after
{Heap after GC invocations=73 (full 0):
 garbage-first heap   total 342016K, used 217922K [0x0000000080000000, 0x0000000100000000)
  region size 1024K, 10 young (10240K), 10 survivors (10240K)
 Metaspace       used 133748K, committed 134976K, reserved 1179648K
  class space    used 17508K, committed 18112K, reserved 1048576K
}
Event: 389.613 GC heap before
{Heap before GC invocations=73 (full 0):
 garbage-first heap   total 342016K, used 224066K [0x0000000080000000, 0x0000000100000000)
  region size 1024K, 16 young (16384K), 10 survivors (10240K)
 Metaspace       used 133837K, committed 135040K, reserved 1179648K
  class space    used 17508K, committed 18112K, reserved 1048576K
}
Event: 389.625 GC heap after
{Heap after GC invocations=74 (full 0):
 garbage-first heap   total 342016K, used 189576K [0x0000000080000000, 0x0000000100000000)
  region size 1024K, 2 young (2048K), 2 survivors (2048K)
 Metaspace       used 133837K, committed 135040K, reserved 1179648K
  class space    used 17508K, committed 18112K, reserved 1048576K
}
Event: 390.066 GC heap before
{Heap before GC invocations=74 (full 0):
 garbage-first heap   total 342016K, used 203912K [0x0000000080000000, 0x0000000100000000)
  region size 1024K, 16 young (16384K), 2 survivors (2048K)
 Metaspace       used 134035K, committed 135232K, reserved 1179648K
  class space    used 17508K, committed 18112K, reserved 1048576K
}
Event: 390.071 GC heap after
{Heap after GC invocations=75 (full 0):
 garbage-first heap   total 342016K, used 190897K [0x0000000080000000, 0x0000000100000000)
  region size 1024K, 2 young (2048K), 2 survivors (2048K)
 Metaspace       used 134035K, committed 135232K, reserved 1179648K
  class space    used 17508K, committed 18112K, reserved 1048576K
}
Event: 391.107 GC heap before
{Heap before GC invocations=75 (full 0):
 garbage-first heap   total 342016K, used 271793K [0x0000000080000000, 0x0000000100000000)
  region size 1024K, 73 young (74752K), 2 survivors (2048K)
 Metaspace       used 134091K, committed 135296K, reserved 1179648K
  class space    used 17508K, committed 18112K, reserved 1048576K
}
Event: 391.123 GC heap after
{Heap after GC invocations=76 (full 0):
 garbage-first heap   total 342016K, used 220021K [0x0000000080000000, 0x0000000100000000)
  region size 1024K, 10 young (10240K), 10 survivors (10240K)
 Metaspace       used 134091K, committed 135296K, reserved 1179648K
  class space    used 17508K, committed 18112K, reserved 1048576K
}
Event: 391.769 GC heap before
{Heap before GC invocations=76 (full 0):
 garbage-first heap   total 342016K, used 244597K [0x0000000080000000, 0x0000000100000000)
  region size 1024K, 35 young (35840K), 10 survivors (10240K)
 Metaspace       used 134484K, committed 135680K, reserved 1179648K
  class space    used 17546K, committed 18112K, reserved 1048576K
}
Event: 391.777 GC heap after
{Heap after GC invocations=77 (full 0):
 garbage-first heap   total 342016K, used 224628K [0x0000000080000000, 0x0000000100000000)
  region size 1024K, 4 young (4096K), 4 survivors (4096K)
 Metaspace       used 134484K, committed 135680K, reserved 1179648K
  class space    used 17546K, committed 18112K, reserved 1048576K
}

