# JRE version: OpenJDK Runtime Environment (17.0.10) (build 17.0.10+0--11572160)
# Java VM: OpenJDK 64-Bit Server VM (17.0.10+0--11572160, mixed mode, tiered, compressed oops, compressed class ptrs, g1 gc, windows-amd64)
GC Precious Log:
 CPUs: 16 total, 16 available
 Memory: 15753M
 Large Page Support: Disabled
 NUMA Support: Disabled
 Compressed Oops: Enabled (32-bit)
 Heap Region Size: 1M
 Heap Min Capacity: 8M
 Heap Initial Capacity: 248M
 Heap Max Capacity: 2G
 Pre-touch: Disabled
 Parallel Workers: 13
 Concurrent Workers: 3
 Concurrent Refinement Workers: 13
 Periodic GC: Disabled
Heap:
 garbage-first heap   total 274432K, used 220782K [0x0000000080000000, 0x0000000100000000)
  region size 1024K, 71 young (72704K), 11 survivors (11264K)
 Metaspace       used 112875K, committed 113728K, reserved 1179648K
  class space    used 15344K, committed 15744K, reserved 1048576K
GC Heap History (20 events):
Event: 19.413 GC heap before
{Heap before GC invocations=41 (full 0):
 garbage-first heap   total 167936K, used 135628K [0x0000000080000000, 0x0000000100000000)
  region size 1024K, 53 young (54272K), 2 survivors (2048K)
 Metaspace       used 95313K, committed 95936K, reserved 1179648K
  class space    used 13018K, committed 13312K, reserved 1048576K
}
Event: 19.419 GC heap after
{Heap after GC invocations=42 (full 0):
 garbage-first heap   total 167936K, used 87548K [0x0000000080000000, 0x0000000100000000)
  region size 1024K, 6 young (6144K), 6 survivors (6144K)
 Metaspace       used 95313K, committed 95936K, reserved 1179648K
  class space    used 13018K, committed 13312K, reserved 1048576K
}
Event: 20.049 GC heap before
{Heap before GC invocations=42 (full 0):
 garbage-first heap   total 167936K, used 134652K [0x0000000080000000, 0x0000000100000000)
  region size 1024K, 53 young (54272K), 6 survivors (6144K)
 Metaspace       used 96033K, committed 96704K, reserved 1179648K
  class space    used 13117K, committed 13440K, reserved 1048576K
}
Event: 20.055 GC heap after
{Heap after GC invocations=43 (full 0):
 garbage-first heap   total 167936K, used 89918K [0x0000000080000000, 0x0000000100000000)
  region size 1024K, 5 young (5120K), 5 survivors (5120K)
 Metaspace       used 96033K, committed 96704K, reserved 1179648K
  class space    used 13117K, committed 13440K, reserved 1048576K
}
Event: 20.734 GC heap before
{Heap before GC invocations=43 (full 0):
 garbage-first heap   total 167936K, used 134974K [0x0000000080000000, 0x0000000100000000)
  region size 1024K, 50 young (51200K), 5 survivors (5120K)
 Metaspace       used 98546K, committed 99264K, reserved 1179648K
  class space    used 13422K, committed 13760K, reserved 1048576K
}
Event: 20.742 GC heap after
{Heap after GC invocations=44 (full 0):
 garbage-first heap   total 167936K, used 93064K [0x0000000080000000, 0x0000000100000000)
  region size 1024K, 6 young (6144K), 6 survivors (6144K)
 Metaspace       used 98546K, committed 99264K, reserved 1179648K
  class space    used 13422K, committed 13760K, reserved 1048576K
}
Event: 21.423 GC heap before
{Heap before GC invocations=44 (full 0):
 garbage-first heap   total 167936K, used 134024K [0x0000000080000000, 0x0000000100000000)
  region size 1024K, 47 young (48128K), 6 survivors (6144K)
 Metaspace       used 100443K, committed 101184K, reserved 1179648K
  class space    used 13636K, committed 13952K, reserved 1048576K
}
Event: 21.429 GC heap after
{Heap after GC invocations=45 (full 0):
 garbage-first heap   total 167936K, used 95662K [0x0000000080000000, 0x0000000100000000)
  region size 1024K, 5 young (5120K), 5 survivors (5120K)
 Metaspace       used 100443K, committed 101184K, reserved 1179648K
  class space    used 13636K, committed 13952K, reserved 1048576K
}
Event: 22.153 GC heap before
{Heap before GC invocations=45 (full 0):
 garbage-first heap   total 167936K, used 134574K [0x0000000080000000, 0x0000000100000000)
  region size 1024K, 44 young (45056K), 5 survivors (5120K)
 Metaspace       used 104466K, committed 105152K, reserved 1179648K
  class space    used 14172K, committed 14464K, reserved 1048576K
}
Event: 22.158 GC heap after
{Heap after GC invocations=46 (full 0):
 garbage-first heap   total 167936K, used 97498K [0x0000000080000000, 0x0000000100000000)
  region size 1024K, 3 young (3072K), 3 survivors (3072K)
 Metaspace       used 104466K, committed 105152K, reserved 1179648K
  class space    used 14172K, committed 14464K, reserved 1048576K
}
Event: 22.550 GC heap before
{Heap before GC invocations=46 (full 0):
 garbage-first heap   total 167936K, used 136410K [0x0000000080000000, 0x0000000100000000)
  region size 1024K, 42 young (43008K), 3 survivors (3072K)
 Metaspace       used 105587K, committed 106368K, reserved 1179648K
  class space    used 14335K, committed 14720K, reserved 1048576K
}
Event: 22.557 GC heap after
{Heap after GC invocations=47 (full 0):
 garbage-first heap   total 167936K, used 101558K [0x0000000080000000, 0x0000000100000000)
  region size 1024K, 6 young (6144K), 6 survivors (6144K)
 Metaspace       used 105587K, committed 106368K, reserved 1179648K
  class space    used 14335K, committed 14720K, reserved 1048576K
}
Event: 22.724 GC heap before
{Heap before GC invocations=47 (full 0):
 garbage-first heap   total 167936K, used 137398K [0x0000000080000000, 0x0000000100000000)
  region size 1024K, 42 young (43008K), 6 survivors (6144K)
 Metaspace       used 106234K, committed 106944K, reserved 1179648K
  class space    used 14435K, committed 14784K, reserved 1048576K
}
Event: 22.729 GC heap after
{Heap after GC invocations=48 (full 0):
 garbage-first heap   total 167936K, used 103514K [0x0000000080000000, 0x0000000100000000)
  region size 1024K, 4 young (4096K), 4 survivors (4096K)
 Metaspace       used 106234K, committed 106944K, reserved 1179648K
  class space    used 14435K, committed 14784K, reserved 1048576K
}
Event: 22.942 GC heap before
{Heap before GC invocations=48 (full 0):
 garbage-first heap   total 167936K, used 143450K [0x0000000080000000, 0x0000000100000000)
  region size 1024K, 38 young (38912K), 4 survivors (4096K)
 Metaspace       used 107254K, committed 107968K, reserved 1179648K
  class space    used 14554K, committed 14912K, reserved 1048576K
}
Event: 22.947 GC heap after
{Heap after GC invocations=49 (full 0):
 garbage-first heap   total 167936K, used 114089K [0x0000000080000000, 0x0000000100000000)
  region size 1024K, 5 young (5120K), 5 survivors (5120K)
 Metaspace       used 107254K, committed 107968K, reserved 1179648K
  class space    used 14554K, committed 14912K, reserved 1048576K
}
Event: 23.143 GC heap before
{Heap before GC invocations=49 (full 0):
 garbage-first heap   total 167936K, used 143785K [0x0000000080000000, 0x0000000100000000)
  region size 1024K, 29 young (29696K), 5 survivors (5120K)
 Metaspace       used 108786K, committed 109568K, reserved 1179648K
  class space    used 14760K, committed 15104K, reserved 1048576K
}
Event: 23.149 GC heap after
{Heap after GC invocations=50 (full 0):
 garbage-first heap   total 274432K, used 123405K [0x0000000080000000, 0x0000000100000000)
  region size 1024K, 4 young (4096K), 4 survivors (4096K)
 Metaspace       used 108786K, committed 109568K, reserved 1179648K
  class space    used 14760K, committed 15104K, reserved 1048576K
}
Event: 23.562 GC heap before
{Heap before GC invocations=50 (full 0):
 garbage-first heap   total 274432K, used 209421K [0x0000000080000000, 0x0000000100000000)
  region size 1024K, 89 young (91136K), 4 survivors (4096K)
 Metaspace       used 110665K, committed 111424K, reserved 1179648K
  class space    used 15043K, committed 15424K, reserved 1048576K
}
Event: 23.571 GC heap after
{Heap after GC invocations=51 (full 0):
 garbage-first heap   total 274432K, used 130670K [0x0000000080000000, 0x0000000100000000)
  region size 1024K, 11 young (11264K), 11 survivors (11264K)
 Metaspace       used 110665K, committed 111424K, reserved 1179648K
  class space    used 15043K, committed 15424K, reserved 1048576K
}

