# JRE version: OpenJDK Runtime Environment (17.0.10) (build 17.0.10+0--11572160)
# Java VM: OpenJDK 64-Bit Server VM (17.0.10+0--11572160, mixed mode, tiered, compressed oops, compressed class ptrs, g1 gc, windows-amd64)
GC Precious Log:
 CPUs: 16 total, 16 available
 Memory: 15753M
 Large Page Support: Disabled
 NUMA Support: Disabled
 Compressed Oops: Enabled (32-bit)
 Heap Region Size: 1M
 Heap Min Capacity: 8M
 Heap Initial Capacity: 248M
 Heap Max Capacity: 2G
 Pre-touch: Disabled
 Parallel Workers: 13
 Concurrent Workers: 3
 Concurrent Refinement Workers: 13
 Periodic GC: Disabled
Heap:
 garbage-first heap   total 307200K, used 132551K [0x0000000080000000, 0x0000000100000000)
  region size 1024K, 9 young (9216K), 9 survivors (9216K)
 Metaspace       used 120298K, committed 121152K, reserved 1179648K
  class space    used 15781K, committed 16192K, reserved 1048576K
GC Heap History (20 events):
Event: 25.865 GC heap after
{Heap after GC invocations=37 (full 0):
 garbage-first heap   total 201728K, used 83114K [0x0000000080000000, 0x0000000100000000)
  region size 1024K, 2 young (2048K), 2 survivors (2048K)
 Metaspace       used 93853K, committed 94464K, reserved 1179648K
  class space    used 12523K, committed 12800K, reserved 1048576K
}
Event: 27.371 GC heap before
{Heap before GC invocations=37 (full 0):
 garbage-first heap   total 201728K, used 159914K [0x0000000080000000, 0x0000000100000000)
  region size 1024K, 77 young (78848K), 2 survivors (2048K)
 Metaspace       used 100073K, committed 100736K, reserved 1179648K
  class space    used 13409K, committed 13696K, reserved 1048576K
}
Event: 27.380 GC heap after
{Heap after GC invocations=38 (full 0):
 garbage-first heap   total 450560K, used 87066K [0x0000000080000000, 0x0000000100000000)
  region size 1024K, 6 young (6144K), 6 survivors (6144K)
 Metaspace       used 100073K, committed 100736K, reserved 1179648K
  class space    used 13409K, committed 13696K, reserved 1048576K
}
Event: 30.075 GC heap before
{Heap before GC invocations=39 (full 0):
 garbage-first heap   total 307200K, used 271386K [0x0000000080000000, 0x0000000100000000)
  region size 1024K, 179 young (183296K), 6 survivors (6144K)
 Metaspace       used 105026K, committed 105728K, reserved 1179648K
  class space    used 14064K, committed 14400K, reserved 1048576K
}
Event: 30.094 GC heap after
{Heap after GC invocations=40 (full 0):
 garbage-first heap   total 307200K, used 114895K [0x0000000080000000, 0x0000000100000000)
  region size 1024K, 23 young (23552K), 23 survivors (23552K)
 Metaspace       used 105026K, committed 105728K, reserved 1179648K
  class space    used 14064K, committed 14400K, reserved 1048576K
}
Event: 30.110 GC heap before
{Heap before GC invocations=40 (full 0):
 garbage-first heap   total 307200K, used 115919K [0x0000000080000000, 0x0000000100000000)
  region size 1024K, 24 young (24576K), 23 survivors (23552K)
 Metaspace       used 105026K, committed 105728K, reserved 1179648K
  class space    used 14064K, committed 14400K, reserved 1048576K
}
Event: 30.124 GC heap after
{Heap after GC invocations=41 (full 0):
 garbage-first heap   total 307200K, used 117116K [0x0000000080000000, 0x0000000100000000)
  region size 1024K, 3 young (3072K), 3 survivors (3072K)
 Metaspace       used 105026K, committed 105728K, reserved 1179648K
  class space    used 14064K, committed 14400K, reserved 1048576K
}
Event: 30.877 GC heap before
{Heap before GC invocations=41 (full 0):
 garbage-first heap   total 307200K, used 155004K [0x0000000080000000, 0x0000000100000000)
  region size 1024K, 42 young (43008K), 3 survivors (3072K)
 Metaspace       used 105949K, committed 106752K, reserved 1179648K
  class space    used 14156K, committed 14528K, reserved 1048576K
}
Event: 30.886 GC heap after
{Heap after GC invocations=42 (full 0):
 garbage-first heap   total 307200K, used 124284K [0x0000000080000000, 0x0000000100000000)
  region size 1024K, 10 young (10240K), 10 survivors (10240K)
 Metaspace       used 105949K, committed 106752K, reserved 1179648K
  class space    used 14156K, committed 14528K, reserved 1048576K
}
Event: 32.484 GC heap before
{Heap before GC invocations=43 (full 0):
 garbage-first heap   total 307200K, used 242044K [0x0000000080000000, 0x0000000100000000)
  region size 1024K, 101 young (103424K), 10 survivors (10240K)
 Metaspace       used 109073K, committed 109888K, reserved 1179648K
  class space    used 14492K, committed 14912K, reserved 1048576K
}
Event: 32.495 GC heap after
{Heap after GC invocations=44 (full 0):
 garbage-first heap   total 307200K, used 133495K [0x0000000080000000, 0x0000000100000000)
  region size 1024K, 10 young (10240K), 10 survivors (10240K)
 Metaspace       used 109073K, committed 109888K, reserved 1179648K
  class space    used 14492K, committed 14912K, reserved 1048576K
}
Event: 32.512 GC heap before
{Heap before GC invocations=44 (full 0):
 garbage-first heap   total 307200K, used 137591K [0x0000000080000000, 0x0000000100000000)
  region size 1024K, 15 young (15360K), 10 survivors (10240K)
 Metaspace       used 109236K, committed 110016K, reserved 1179648K
  class space    used 14513K, committed 14912K, reserved 1048576K
}
Event: 32.520 GC heap after
{Heap after GC invocations=45 (full 0):
 garbage-first heap   total 307200K, used 134269K [0x0000000080000000, 0x0000000100000000)
  region size 1024K, 2 young (2048K), 2 survivors (2048K)
 Metaspace       used 109236K, committed 110016K, reserved 1179648K
  class space    used 14513K, committed 14912K, reserved 1048576K
}
Event: 33.102 GC heap before
{Heap before GC invocations=45 (full 0):
 garbage-first heap   total 307200K, used 225405K [0x0000000080000000, 0x0000000100000000)
  region size 1024K, 92 young (94208K), 2 survivors (2048K)
 Metaspace       used 112390K, committed 113152K, reserved 1179648K
  class space    used 14808K, committed 15168K, reserved 1048576K
}
Event: 33.109 GC heap after
{Heap after GC invocations=46 (full 0):
 garbage-first heap   total 307200K, used 138260K [0x0000000080000000, 0x0000000100000000)
  region size 1024K, 6 young (6144K), 6 survivors (6144K)
 Metaspace       used 112390K, committed 113152K, reserved 1179648K
  class space    used 14808K, committed 15168K, reserved 1048576K
}
Event: 33.745 GC heap before
{Heap before GC invocations=47 (full 0):
 garbage-first heap   total 307200K, used 220180K [0x0000000080000000, 0x0000000100000000)
  region size 1024K, 98 young (100352K), 6 survivors (6144K)
 Metaspace       used 114416K, committed 115264K, reserved 1179648K
  class space    used 15039K, committed 15424K, reserved 1048576K
}
Event: 33.757 GC heap after
{Heap after GC invocations=48 (full 0):
 garbage-first heap   total 307200K, used 135739K [0x0000000080000000, 0x0000000100000000)
  region size 1024K, 13 young (13312K), 13 survivors (13312K)
 Metaspace       used 114416K, committed 115264K, reserved 1179648K
  class space    used 15039K, committed 15424K, reserved 1048576K
}
Event: 33.766 GC heap before
{Heap before GC invocations=48 (full 0):
 garbage-first heap   total 307200K, used 137787K [0x0000000080000000, 0x0000000100000000)
  region size 1024K, 15 young (15360K), 13 survivors (13312K)
 Metaspace       used 114430K, committed 115264K, reserved 1179648K
  class space    used 15041K, committed 15424K, reserved 1048576K
}
Event: 33.773 GC heap after
{Heap after GC invocations=49 (full 0):
 garbage-first heap   total 307200K, used 125028K [0x0000000080000000, 0x0000000100000000)
  region size 1024K, 2 young (2048K), 2 survivors (2048K)
 Metaspace       used 114430K, committed 115264K, reserved 1179648K
  class space    used 15041K, committed 15424K, reserved 1048576K
}
Event: 35.688 GC heap before
{Heap before GC invocations=49 (full 0):
 garbage-first heap   total 307200K, used 229476K [0x0000000080000000, 0x0000000100000000)
  region size 1024K, 105 young (107520K), 2 survivors (2048K)
 Metaspace       used 120298K, committed 121152K, reserved 1179648K
  class space    used 15781K, committed 16192K, reserved 1048576K
}

