# JRE version: OpenJDK Runtime Environment (17.0.10) (build 17.0.10+0--11572160)
# Java VM: OpenJDK 64-Bit Server VM (17.0.10+0--11572160, mixed mode, tiered, compressed oops, compressed class ptrs, g1 gc, windows-amd64)
GC Precious Log:
 CPUs: 16 total, 16 available
 Memory: 15753M
 Large Page Support: Disabled
 NUMA Support: Disabled
 Compressed Oops: Enabled (32-bit)
 Heap Region Size: 1M
 Heap Min Capacity: 8M
 Heap Initial Capacity: 248M
 Heap Max Capacity: 2G
 Pre-touch: Disabled
 Parallel Workers: 13
 Concurrent Workers: 3
 Concurrent Refinement Workers: 13
 Periodic GC: Disabled
Heap:
 garbage-first heap   total 535552K, used 249880K [0x0000000080000000, 0x0000000100000000)
  region size 1024K, 8 young (8192K), 8 survivors (8192K)
 Metaspace       used 137749K, committed 138752K, reserved 1179648K
  class space    used 18486K, committed 18944K, reserved 1048576K
GC Heap History (20 events):
Event: 35.304 GC heap after
{Heap after GC invocations=64 (full 0):
 garbage-first heap   total 535552K, used 246582K [0x0000000080000000, 0x0000000100000000)
  region size 1024K, 3 young (3072K), 3 survivors (3072K)
 Metaspace       used 135227K, committed 136192K, reserved 1179648K
  class space    used 18247K, committed 18688K, reserved 1048576K
}
Event: 36.138 GC heap before
{Heap before GC invocations=64 (full 0):
 garbage-first heap   total 535552K, used 364342K [0x0000000080000000, 0x0000000100000000)
  region size 1024K, 110 young (112640K), 3 survivors (3072K)
 Metaspace       used 135862K, committed 136832K, reserved 1179648K
  class space    used 18308K, committed 18752K, reserved 1048576K
}
Event: 36.152 GC heap after
{Heap after GC invocations=65 (full 0):
 garbage-first heap   total 535552K, used 262962K [0x0000000080000000, 0x0000000100000000)
  region size 1024K, 10 young (10240K), 10 survivors (10240K)
 Metaspace       used 135862K, committed 136832K, reserved 1179648K
  class space    used 18308K, committed 18752K, reserved 1048576K
}
Event: 37.909 GC heap before
{Heap before GC invocations=65 (full 0):
 garbage-first heap   total 535552K, used 403250K [0x0000000080000000, 0x0000000100000000)
  region size 1024K, 123 young (125952K), 10 survivors (10240K)
 Metaspace       used 136198K, committed 137088K, reserved 1179648K
  class space    used 18343K, committed 18752K, reserved 1048576K
}
Event: 37.925 GC heap after
{Heap after GC invocations=66 (full 0):
 garbage-first heap   total 535552K, used 292099K [0x0000000080000000, 0x0000000100000000)
  region size 1024K, 15 young (15360K), 15 survivors (15360K)
 Metaspace       used 136198K, committed 137088K, reserved 1179648K
  class space    used 18343K, committed 18752K, reserved 1048576K
}
Event: 96.068 GC heap before
{Heap before GC invocations=66 (full 0):
 garbage-first heap   total 535552K, used 427267K [0x0000000080000000, 0x0000000100000000)
  region size 1024K, 126 young (129024K), 15 survivors (15360K)
 Metaspace       used 137206K, committed 138176K, reserved 1179648K
  class space    used 18460K, committed 18880K, reserved 1048576K
}
Event: 96.087 GC heap after
{Heap after GC invocations=67 (full 0):
 garbage-first heap   total 535552K, used 273474K [0x0000000080000000, 0x0000000100000000)
  region size 1024K, 10 young (10240K), 10 survivors (10240K)
 Metaspace       used 137206K, committed 138176K, reserved 1179648K
  class space    used 18460K, committed 18880K, reserved 1048576K
}
Event: 97.310 GC heap before
{Heap before GC invocations=67 (full 0):
 garbage-first heap   total 535552K, used 435266K [0x0000000080000000, 0x0000000100000000)
  region size 1024K, 130 young (133120K), 10 survivors (10240K)
 Metaspace       used 137499K, committed 138432K, reserved 1179648K
  class space    used 18478K, committed 18944K, reserved 1048576K
}
Event: 97.332 GC heap after
{Heap after GC invocations=68 (full 0):
 garbage-first heap   total 535552K, used 320170K [0x0000000080000000, 0x0000000100000000)
  region size 1024K, 19 young (19456K), 19 survivors (19456K)
 Metaspace       used 137499K, committed 138432K, reserved 1179648K
  class space    used 18478K, committed 18944K, reserved 1048576K
}
Event: 97.621 GC heap before
{Heap before GC invocations=68 (full 0):
 garbage-first heap   total 535552K, used 419497K [0x0000000080000000, 0x0000000100000000)
  region size 1024K, 116 young (118784K), 19 survivors (19456K)
 Metaspace       used 137519K, committed 138496K, reserved 1179648K
  class space    used 18478K, committed 18944K, reserved 1048576K
}
Event: 97.672 GC heap after
{Heap after GC invocations=69 (full 0):
 garbage-first heap   total 535552K, used 371140K [0x0000000080000000, 0x0000000100000000)
  region size 1024K, 15 young (15360K), 15 survivors (15360K)
 Metaspace       used 137519K, committed 138496K, reserved 1179648K
  class space    used 18478K, committed 18944K, reserved 1048576K
}
Event: 98.110 GC heap before
{Heap before GC invocations=69 (full 0):
 garbage-first heap   total 535552K, used 426436K [0x0000000080000000, 0x0000000100000000)
  region size 1024K, 70 young (71680K), 15 survivors (15360K)
 Metaspace       used 137580K, committed 138624K, reserved 1179648K
  class space    used 18479K, committed 18944K, reserved 1048576K
}
Event: 98.129 GC heap after
{Heap after GC invocations=70 (full 0):
 garbage-first heap   total 535552K, used 383200K [0x0000000080000000, 0x0000000100000000)
  region size 1024K, 9 young (9216K), 9 survivors (9216K)
 Metaspace       used 137580K, committed 138624K, reserved 1179648K
  class space    used 18479K, committed 18944K, reserved 1048576K
}
Event: 98.865 GC heap before
{Heap before GC invocations=71 (full 0):
 garbage-first heap   total 535552K, used 352480K [0x0000000080000000, 0x0000000100000000)
  region size 1024K, 62 young (63488K), 9 survivors (9216K)
 Metaspace       used 137581K, committed 138624K, reserved 1179648K
  class space    used 18478K, committed 18944K, reserved 1048576K
}
Event: 98.882 GC heap after
{Heap after GC invocations=72 (full 0):
 garbage-first heap   total 535552K, used 301352K [0x0000000080000000, 0x0000000100000000)
  region size 1024K, 4 young (4096K), 4 survivors (4096K)
 Metaspace       used 137581K, committed 138624K, reserved 1179648K
  class space    used 18478K, committed 18944K, reserved 1048576K
}
Event: 99.145 GC heap before
{Heap before GC invocations=72 (full 0):
 garbage-first heap   total 535552K, used 326952K [0x0000000080000000, 0x0000000100000000)
  region size 1024K, 26 young (26624K), 4 survivors (4096K)
 Metaspace       used 137583K, committed 138624K, reserved 1179648K
  class space    used 18478K, committed 18944K, reserved 1048576K
}
Event: 99.158 GC heap after
{Heap after GC invocations=73 (full 0):
 garbage-first heap   total 535552K, used 254509K [0x0000000080000000, 0x0000000100000000)
  region size 1024K, 3 young (3072K), 3 survivors (3072K)
 Metaspace       used 137583K, committed 138624K, reserved 1179648K
  class space    used 18478K, committed 18944K, reserved 1048576K
}
Event: 99.298 GC heap before
{Heap before GC invocations=73 (full 0):
 garbage-first heap   total 535552K, used 279085K [0x0000000080000000, 0x0000000100000000)
  region size 1024K, 26 young (26624K), 3 survivors (3072K)
 Metaspace       used 137584K, committed 138624K, reserved 1179648K
  class space    used 18478K, committed 18944K, reserved 1048576K
}
Event: 99.307 GC heap after
{Heap after GC invocations=74 (full 0):
 garbage-first heap   total 535552K, used 240263K [0x0000000080000000, 0x0000000100000000)
  region size 1024K, 3 young (3072K), 3 survivors (3072K)
 Metaspace       used 137584K, committed 138624K, reserved 1179648K
  class space    used 18478K, committed 18944K, reserved 1048576K
}
Event: 108.750 GC heap before
{Heap before GC invocations=74 (full 0):
 garbage-first heap   total 535552K, used 415367K [0x0000000080000000, 0x0000000100000000)
  region size 1024K, 141 young (144384K), 3 survivors (3072K)
 Metaspace       used 137749K, committed 138752K, reserved 1179648K
  class space    used 18486K, committed 18944K, reserved 1048576K
}

