# JRE version: OpenJDK Runtime Environment (17.0.10) (build 17.0.10+0--11572160)
# Java VM: OpenJDK 64-Bit Server VM (17.0.10+0--11572160, mixed mode, tiered, compressed oops, compressed class ptrs, g1 gc, windows-amd64)
GC Precious Log:
 CPUs: 16 total, 16 available
 Memory: 15753M
 Large Page Support: Disabled
 NUMA Support: Disabled
 Compressed Oops: Enabled (32-bit)
 Heap Region Size: 1M
 Heap Min Capacity: 8M
 Heap Initial Capacity: 248M
 Heap Max Capacity: 2G
 Pre-touch: Disabled
 Parallel Workers: 13
 Concurrent Workers: 3
 Concurrent Refinement Workers: 13
 Periodic GC: Disabled
Heap:
 garbage-first heap   total 407552K, used 198145K [0x0000000080000000, 0x0000000100000000)
  region size 1024K, 53 young (54272K), 1 survivors (1024K)
 Metaspace       used 152927K, committed 153984K, reserved 1245184K
  class space    used 20944K, committed 21440K, reserved 1048576K
GC Heap History (20 events):
Event: 190.520 GC heap before
{Heap before GC invocations=53 (full 0):
 garbage-first heap   total 407552K, used 343412K [0x0000000080000000, 0x0000000100000000)
  region size 1024K, 66 young (67584K), 3 survivors (3072K)
 Metaspace       used 132403K, committed 133376K, reserved 1179648K
  class space    used 17959K, committed 18432K, reserved 1048576K
}
Event: 190.525 GC heap after
{Heap after GC invocations=54 (full 0):
 garbage-first heap   total 407552K, used 280107K [0x0000000080000000, 0x0000000100000000)
  region size 1024K, 3 young (3072K), 3 survivors (3072K)
 Metaspace       used 132403K, committed 133376K, reserved 1179648K
  class space    used 17959K, committed 18432K, reserved 1048576K
}
Event: 192.069 GC heap before
{Heap before GC invocations=54 (full 0):
 garbage-first heap   total 407552K, used 347691K [0x0000000080000000, 0x0000000100000000)
  region size 1024K, 68 young (69632K), 3 survivors (3072K)
 Metaspace       used 138719K, committed 139648K, reserved 1179648K
  class space    used 18709K, committed 19136K, reserved 1048576K
}
Event: 192.080 GC heap after
{Heap after GC invocations=55 (full 0):
 garbage-first heap   total 407552K, used 293573K [0x0000000080000000, 0x0000000100000000)
  region size 1024K, 9 young (9216K), 9 survivors (9216K)
 Metaspace       used 138719K, committed 139648K, reserved 1179648K
  class space    used 18709K, committed 19136K, reserved 1048576K
}
Event: 192.176 GC heap before
{Heap before GC invocations=55 (full 0):
 garbage-first heap   total 407552K, used 294597K [0x0000000080000000, 0x0000000100000000)
  region size 1024K, 11 young (11264K), 9 survivors (9216K)
 Metaspace       used 138929K, committed 139840K, reserved 1179648K
  class space    used 18748K, committed 19200K, reserved 1048576K
}
Event: 192.183 GC heap after
{Heap after GC invocations=56 (full 0):
 garbage-first heap   total 407552K, used 295164K [0x0000000080000000, 0x0000000100000000)
  region size 1024K, 2 young (2048K), 2 survivors (2048K)
 Metaspace       used 138929K, committed 139840K, reserved 1179648K
  class space    used 18748K, committed 19200K, reserved 1048576K
}
Event: 193.245 GC heap before
{Heap before GC invocations=57 (full 0):
 garbage-first heap   total 407552K, used 239868K [0x0000000080000000, 0x0000000100000000)
  region size 1024K, 50 young (51200K), 2 survivors (2048K)
 Metaspace       used 141149K, committed 142080K, reserved 1179648K
  class space    used 18992K, committed 19456K, reserved 1048576K
}
Event: 193.251 GC heap after
{Heap after GC invocations=58 (full 0):
 garbage-first heap   total 407552K, used 195291K [0x0000000080000000, 0x0000000100000000)
  region size 1024K, 5 young (5120K), 5 survivors (5120K)
 Metaspace       used 141149K, committed 142080K, reserved 1179648K
  class space    used 18992K, committed 19456K, reserved 1048576K
}
Event: 193.434 GC heap before
{Heap before GC invocations=58 (full 0):
 garbage-first heap   total 407552K, used 208603K [0x0000000080000000, 0x0000000100000000)
  region size 1024K, 19 young (19456K), 5 survivors (5120K)
 Metaspace       used 141221K, committed 142144K, reserved 1179648K
  class space    used 19003K, committed 19456K, reserved 1048576K
}
Event: 193.440 GC heap after
{Heap after GC invocations=59 (full 0):
 garbage-first heap   total 407552K, used 156439K [0x0000000080000000, 0x0000000100000000)
  region size 1024K, 2 young (2048K), 2 survivors (2048K)
 Metaspace       used 141221K, committed 142144K, reserved 1179648K
  class space    used 19003K, committed 19456K, reserved 1048576K
}
Event: 193.726 GC heap before
{Heap before GC invocations=59 (full 0):
 garbage-first heap   total 407552K, used 174871K [0x0000000080000000, 0x0000000100000000)
  region size 1024K, 19 young (19456K), 2 survivors (2048K)
 Metaspace       used 141718K, committed 142656K, reserved 1179648K
  class space    used 19115K, committed 19584K, reserved 1048576K
}
Event: 193.732 GC heap after
{Heap after GC invocations=60 (full 0):
 garbage-first heap   total 407552K, used 141405K [0x0000000080000000, 0x0000000100000000)
  region size 1024K, 3 young (3072K), 3 survivors (3072K)
 Metaspace       used 141718K, committed 142656K, reserved 1179648K
  class space    used 19115K, committed 19584K, reserved 1048576K
}
Event: 195.438 GC heap before
{Heap before GC invocations=60 (full 0):
 garbage-first heap   total 407552K, used 304221K [0x0000000080000000, 0x0000000100000000)
  region size 1024K, 162 young (165888K), 3 survivors (3072K)
 Metaspace       used 149889K, committed 150848K, reserved 1179648K
  class space    used 20613K, committed 21056K, reserved 1048576K
}
Event: 195.446 GC heap after
{Heap after GC invocations=61 (full 0):
 garbage-first heap   total 407552K, used 145695K [0x0000000080000000, 0x0000000100000000)
  region size 1024K, 7 young (7168K), 7 survivors (7168K)
 Metaspace       used 149889K, committed 150848K, reserved 1179648K
  class space    used 20613K, committed 21056K, reserved 1048576K
}
Event: 336.050 GC heap before
{Heap before GC invocations=62 (full 0):
 garbage-first heap   total 407552K, used 363807K [0x0000000080000000, 0x0000000100000000)
  region size 1024K, 187 young (191488K), 7 survivors (7168K)
 Metaspace       used 152672K, committed 153728K, reserved 1245184K
  class space    used 20940K, committed 21440K, reserved 1048576K
}
Event: 336.062 GC heap after
{Heap after GC invocations=63 (full 0):
 garbage-first heap   total 407552K, used 152500K [0x0000000080000000, 0x0000000100000000)
  region size 1024K, 12 young (12288K), 12 survivors (12288K)
 Metaspace       used 152672K, committed 153728K, reserved 1245184K
  class space    used 20940K, committed 21440K, reserved 1048576K
}
Event: 336.129 GC heap before
{Heap before GC invocations=63 (full 0):
 garbage-first heap   total 407552K, used 159668K [0x0000000080000000, 0x0000000100000000)
  region size 1024K, 19 young (19456K), 12 survivors (12288K)
 Metaspace       used 152710K, committed 153728K, reserved 1245184K
  class space    used 20942K, committed 21440K, reserved 1048576K
}
Event: 336.139 GC heap after
{Heap after GC invocations=64 (full 0):
 garbage-first heap   total 407552K, used 136544K [0x0000000080000000, 0x0000000100000000)
  region size 1024K, 2 young (2048K), 2 survivors (2048K)
 Metaspace       used 152710K, committed 153728K, reserved 1245184K
  class space    used 20942K, committed 21440K, reserved 1048576K
}
Event: 336.204 GC heap before
{Heap before GC invocations=64 (full 0):
 garbage-first heap   total 407552K, used 146784K [0x0000000080000000, 0x0000000100000000)
  region size 1024K, 13 young (13312K), 2 survivors (2048K)
 Metaspace       used 152713K, committed 153728K, reserved 1245184K
  class space    used 20942K, committed 21440K, reserved 1048576K
}
Event: 336.207 GC heap after
{Heap after GC invocations=65 (full 0):
 garbage-first heap   total 407552K, used 135681K [0x0000000080000000, 0x0000000100000000)
  region size 1024K, 1 young (1024K), 1 survivors (1024K)
 Metaspace       used 152713K, committed 153728K, reserved 1245184K
  class space    used 20942K, committed 21440K, reserved 1048576K
}

