# JRE version: OpenJDK Runtime Environment (17.0.10) (build 17.0.10+0--11572160)
# Java VM: OpenJDK 64-Bit Server VM (17.0.10+0--11572160, mixed mode, tiered, compressed oops, compressed class ptrs, g1 gc, windows-amd64)
GC Precious Log:
 CPUs: 16 total, 16 available
 Memory: 15753M
 Large Page Support: Disabled
 NUMA Support: Disabled
 Compressed Oops: Enabled (32-bit)
 Heap Region Size: 1M
 Heap Min Capacity: 8M
 Heap Initial Capacity: 248M
 Heap Max Capacity: 2G
 Pre-touch: Disabled
 Parallel Workers: 13
 Concurrent Workers: 3
 Concurrent Refinement Workers: 13
 Periodic GC: Disabled
Heap:
 garbage-first heap   total 272384K, used 192953K [0x0000000080000000, 0x0000000100000000)
  region size 1024K, 5 young (5120K), 5 survivors (5120K)
 Metaspace       used 108144K, committed 108928K, reserved 1179648K
  class space    used 15062K, committed 15424K, reserved 1048576K
GC Heap History (20 events):
Event: 15.259 GC heap after
{Heap after GC invocations=35 (full 0):
 garbage-first heap   total 272384K, used 72918K [0x0000000080000000, 0x0000000100000000)
  region size 1024K, 2 young (2048K), 2 survivors (2048K)
 Metaspace       used 78925K, committed 79488K, reserved 1179648K
  class space    used 10705K, committed 10944K, reserved 1048576K
}
Event: 18.393 GC heap before
{Heap before GC invocations=36 (full 0):
 garbage-first heap   total 256000K, used 224470K [0x0000000080000000, 0x0000000100000000)
  region size 1024K, 150 young (153600K), 2 survivors (2048K)
 Metaspace       used 90923K, committed 91584K, reserved 1179648K
  class space    used 12520K, committed 12800K, reserved 1048576K
}
Event: 18.403 GC heap after
{Heap after GC invocations=37 (full 0):
 garbage-first heap   total 256000K, used 80926K [0x0000000080000000, 0x0000000100000000)
  region size 1024K, 10 young (10240K), 10 survivors (10240K)
 Metaspace       used 90923K, committed 91584K, reserved 1179648K
  class space    used 12520K, committed 12800K, reserved 1048576K
}
Event: 18.434 GC heap before
{Heap before GC invocations=37 (full 0):
 garbage-first heap   total 256000K, used 82974K [0x0000000080000000, 0x0000000100000000)
  region size 1024K, 12 young (12288K), 10 survivors (10240K)
 Metaspace       used 91028K, committed 91776K, reserved 1179648K
  class space    used 12530K, committed 12864K, reserved 1048576K
}
Event: 18.443 GC heap after
{Heap after GC invocations=38 (full 0):
 garbage-first heap   total 256000K, used 81433K [0x0000000080000000, 0x0000000100000000)
  region size 1024K, 1 young (1024K), 1 survivors (1024K)
 Metaspace       used 91028K, committed 91776K, reserved 1179648K
  class space    used 12530K, committed 12864K, reserved 1048576K
}
Event: 19.851 GC heap before
{Heap before GC invocations=38 (full 0):
 garbage-first heap   total 256000K, used 208409K [0x0000000080000000, 0x0000000100000000)
  region size 1024K, 121 young (123904K), 1 survivors (1024K)
 Metaspace       used 95776K, committed 96448K, reserved 1179648K
  class space    used 13097K, committed 13376K, reserved 1048576K
}
Event: 19.861 GC heap after
{Heap after GC invocations=39 (full 0):
 garbage-first heap   total 256000K, used 90854K [0x0000000080000000, 0x0000000100000000)
  region size 1024K, 11 young (11264K), 11 survivors (11264K)
 Metaspace       used 95776K, committed 96448K, reserved 1179648K
  class space    used 13097K, committed 13376K, reserved 1048576K
}
Event: 20.637 GC heap before
{Heap before GC invocations=39 (full 0):
 garbage-first heap   total 256000K, used 202470K [0x0000000080000000, 0x0000000100000000)
  region size 1024K, 121 young (123904K), 11 survivors (11264K)
 Metaspace       used 97140K, committed 97920K, reserved 1179648K
  class space    used 13284K, committed 13632K, reserved 1048576K
}
Event: 20.646 GC heap after
{Heap after GC invocations=40 (full 0):
 garbage-first heap   total 256000K, used 95514K [0x0000000080000000, 0x0000000100000000)
  region size 1024K, 7 young (7168K), 7 survivors (7168K)
 Metaspace       used 97140K, committed 97920K, reserved 1179648K
  class space    used 13284K, committed 13632K, reserved 1048576K
}
Event: 21.436 GC heap before
{Heap before GC invocations=40 (full 0):
 garbage-first heap   total 256000K, used 217370K [0x0000000080000000, 0x0000000100000000)
  region size 1024K, 116 young (118784K), 7 survivors (7168K)
 Metaspace       used 104033K, committed 104768K, reserved 1179648K
  class space    used 14257K, committed 14592K, reserved 1048576K
}
Event: 21.446 GC heap after
{Heap after GC invocations=41 (full 0):
 garbage-first heap   total 256000K, used 114306K [0x0000000080000000, 0x0000000100000000)
  region size 1024K, 15 young (15360K), 15 survivors (15360K)
 Metaspace       used 104033K, committed 104768K, reserved 1179648K
  class space    used 14257K, committed 14592K, reserved 1048576K
}
Event: 21.498 GC heap before
{Heap before GC invocations=41 (full 0):
 garbage-first heap   total 256000K, used 151170K [0x0000000080000000, 0x0000000100000000)
  region size 1024K, 28 young (28672K), 15 survivors (15360K)
 Metaspace       used 104318K, committed 105088K, reserved 1179648K
  class space    used 14287K, committed 14656K, reserved 1048576K
}
Event: 21.505 GC heap after
{Heap after GC invocations=42 (full 0):
 garbage-first heap   total 256000K, used 133505K [0x0000000080000000, 0x0000000100000000)
  region size 1024K, 6 young (6144K), 6 survivors (6144K)
 Metaspace       used 104318K, committed 105088K, reserved 1179648K
  class space    used 14287K, committed 14656K, reserved 1048576K
}
Event: 22.260 GC heap before
{Heap before GC invocations=43 (full 0):
 garbage-first heap   total 256000K, used 210305K [0x0000000080000000, 0x0000000100000000)
  region size 1024K, 78 young (79872K), 6 survivors (6144K)
 Metaspace       used 107778K, committed 108480K, reserved 1179648K
  class space    used 15042K, committed 15360K, reserved 1048576K
}
Event: 22.277 GC heap after
{Heap after GC invocations=44 (full 0):
 garbage-first heap   total 256000K, used 151323K [0x0000000080000000, 0x0000000100000000)
  region size 1024K, 10 young (10240K), 10 survivors (10240K)
 Metaspace       used 107778K, committed 108480K, reserved 1179648K
  class space    used 15042K, committed 15360K, reserved 1048576K
}
Event: 22.298 GC heap before
{Heap before GC invocations=44 (full 0):
 garbage-first heap   total 256000K, used 153371K [0x0000000080000000, 0x0000000100000000)
  region size 1024K, 12 young (12288K), 10 survivors (10240K)
 Metaspace       used 107826K, committed 108608K, reserved 1179648K
  class space    used 15051K, committed 15424K, reserved 1048576K
}
Event: 22.309 GC heap after
{Heap after GC invocations=45 (full 0):
 garbage-first heap   total 256000K, used 152679K [0x0000000080000000, 0x0000000100000000)
  region size 1024K, 2 young (2048K), 2 survivors (2048K)
 Metaspace       used 107826K, committed 108608K, reserved 1179648K
  class space    used 15051K, committed 15424K, reserved 1048576K
}
Event: 22.533 GC heap before
{Heap before GC invocations=45 (full 0):
 garbage-first heap   total 256000K, used 201831K [0x0000000080000000, 0x0000000100000000)
  region size 1024K, 51 young (52224K), 2 survivors (2048K)
 Metaspace       used 108140K, committed 108864K, reserved 1179648K
  class space    used 15062K, committed 15424K, reserved 1048576K
}
Event: 22.551 GC heap after
{Heap after GC invocations=46 (full 0):
 garbage-first heap   total 256000K, used 177022K [0x0000000080000000, 0x0000000100000000)
  region size 1024K, 7 young (7168K), 7 survivors (7168K)
 Metaspace       used 108140K, committed 108864K, reserved 1179648K
  class space    used 15062K, committed 15424K, reserved 1048576K
}
Event: 22.640 GC heap before
{Heap before GC invocations=46 (full 0):
 garbage-first heap   total 256000K, used 204670K [0x0000000080000000, 0x0000000100000000)
  region size 1024K, 35 young (35840K), 7 survivors (7168K)
 Metaspace       used 108144K, committed 108928K, reserved 1179648K
  class space    used 15062K, committed 15424K, reserved 1048576K
}

