# JRE version: OpenJDK Runtime Environment (17.0.10) (build 17.0.10+0--11609105)
# Java VM: OpenJDK 64-Bit Server VM (17.0.10+0--11609105, mixed mode, tiered, compressed oops, compressed class ptrs, g1 gc, windows-amd64)
GC Precious Log:
 CPUs: 16 total, 16 available
 Memory: 15753M
 Large Page Support: Disabled
 NUMA Support: Disabled
 Compressed Oops: Enabled (32-bit)
 Heap Region Size: 1M
 Heap Min Capacity: 8M
 Heap Initial Capacity: 248M
 Heap Max Capacity: 2G
 Pre-touch: Disabled
 Parallel Workers: 13
 Concurrent Workers: 3
 Concurrent Refinement Workers: 13
 Periodic GC: Disabled
Heap:
 garbage-first heap   total 324608K, used 183147K [0x0000000080000000, 0x0000000100000000)
  region size 1024K, 2 young (2048K), 2 survivors (2048K)
 Metaspace       used 118129K, committed 118848K, reserved 1179648K
  class space    used 17222K, committed 17536K, reserved 1048576K
GC Heap History (20 events):
Event: 19.865 GC heap after
{Heap after GC invocations=45 (full 0):
 garbage-first heap   total 206848K, used 127728K [0x0000000080000000, 0x0000000100000000)
  region size 1024K, 7 young (7168K), 7 survivors (7168K)
 Metaspace       used 108422K, committed 109120K, reserved 1179648K
  class space    used 15032K, committed 15360K, reserved 1048576K
}
Event: 20.093 GC heap before
{Heap before GC invocations=45 (full 0):
 garbage-first heap   total 206848K, used 167664K [0x0000000080000000, 0x0000000100000000)
  region size 1024K, 46 young (47104K), 7 survivors (7168K)
 Metaspace       used 109284K, committed 110016K, reserved 1179648K
  class space    used 15207K, committed 15552K, reserved 1048576K
}
Event: 20.102 GC heap after
{Heap after GC invocations=46 (full 0):
 garbage-first heap   total 206848K, used 135586K [0x0000000080000000, 0x0000000100000000)
  region size 1024K, 6 young (6144K), 6 survivors (6144K)
 Metaspace       used 109284K, committed 110016K, reserved 1179648K
  class space    used 15207K, committed 15552K, reserved 1048576K
}
Event: 20.429 GC heap before
{Heap before GC invocations=46 (full 0):
 garbage-first heap   total 206848K, used 168354K [0x0000000080000000, 0x0000000100000000)
  region size 1024K, 39 young (39936K), 6 survivors (6144K)
 Metaspace       used 111350K, committed 112064K, reserved 1179648K
  class space    used 15621K, committed 15936K, reserved 1048576K
}
Event: 20.438 GC heap after
{Heap after GC invocations=47 (full 0):
 garbage-first heap   total 206848K, used 141064K [0x0000000080000000, 0x0000000100000000)
  region size 1024K, 5 young (5120K), 5 survivors (5120K)
 Metaspace       used 111350K, committed 112064K, reserved 1179648K
  class space    used 15621K, committed 15936K, reserved 1048576K
}
Event: 20.605 GC heap before
{Heap before GC invocations=47 (full 0):
 garbage-first heap   total 206848K, used 170760K [0x0000000080000000, 0x0000000100000000)
  region size 1024K, 35 young (35840K), 5 survivors (5120K)
 Metaspace       used 112455K, committed 113216K, reserved 1179648K
  class space    used 15777K, committed 16128K, reserved 1048576K
}
Event: 20.613 GC heap after
{Heap after GC invocations=48 (full 0):
 garbage-first heap   total 206848K, used 145883K [0x0000000080000000, 0x0000000100000000)
  region size 1024K, 5 young (5120K), 5 survivors (5120K)
 Metaspace       used 112455K, committed 113216K, reserved 1179648K
  class space    used 15777K, committed 16128K, reserved 1048576K
}
Event: 20.662 GC heap before
{Heap before GC invocations=48 (full 0):
 garbage-first heap   total 206848K, used 172507K [0x0000000080000000, 0x0000000100000000)
  region size 1024K, 31 young (31744K), 5 survivors (5120K)
 Metaspace       used 112626K, committed 113344K, reserved 1179648K
  class space    used 15794K, committed 16128K, reserved 1048576K
}
Event: 20.669 GC heap after
{Heap after GC invocations=49 (full 0):
 garbage-first heap   total 260096K, used 150271K [0x0000000080000000, 0x0000000100000000)
  region size 1024K, 4 young (4096K), 4 survivors (4096K)
 Metaspace       used 112626K, committed 113344K, reserved 1179648K
  class space    used 15794K, committed 16128K, reserved 1048576K
}
Event: 20.873 GC heap before
{Heap before GC invocations=49 (full 0):
 garbage-first heap   total 260096K, used 208639K [0x0000000080000000, 0x0000000100000000)
  region size 1024K, 62 young (63488K), 4 survivors (4096K)
 Metaspace       used 113305K, committed 114048K, reserved 1179648K
  class space    used 15868K, committed 16192K, reserved 1048576K
}
Event: 20.883 GC heap after
{Heap after GC invocations=50 (full 0):
 garbage-first heap   total 260096K, used 160189K [0x0000000080000000, 0x0000000100000000)
  region size 1024K, 8 young (8192K), 8 survivors (8192K)
 Metaspace       used 113305K, committed 114048K, reserved 1179648K
  class space    used 15868K, committed 16192K, reserved 1048576K
}
Event: 21.476 GC heap before
{Heap before GC invocations=50 (full 0):
 garbage-first heap   total 260096K, used 210365K [0x0000000080000000, 0x0000000100000000)
  region size 1024K, 58 young (59392K), 8 survivors (8192K)
 Metaspace       used 117095K, committed 117888K, reserved 1179648K
  class space    used 16969K, committed 17344K, reserved 1048576K
}
Event: 21.484 GC heap after
{Heap after GC invocations=51 (full 0):
 garbage-first heap   total 260096K, used 166413K [0x0000000080000000, 0x0000000100000000)
  region size 1024K, 6 young (6144K), 6 survivors (6144K)
 Metaspace       used 117095K, committed 117888K, reserved 1179648K
  class space    used 16969K, committed 17344K, reserved 1048576K
}
Event: 21.521 GC heap before
{Heap before GC invocations=51 (full 0):
 garbage-first heap   total 260096K, used 194061K [0x0000000080000000, 0x0000000100000000)
  region size 1024K, 34 young (34816K), 6 survivors (6144K)
 Metaspace       used 117311K, committed 118016K, reserved 1179648K
  class space    used 17015K, committed 17344K, reserved 1048576K
}
Event: 21.527 GC heap after
{Heap after GC invocations=52 (full 0):
 garbage-first heap   total 260096K, used 171015K [0x0000000080000000, 0x0000000100000000)
  region size 1024K, 5 young (5120K), 5 survivors (5120K)
 Metaspace       used 117311K, committed 118016K, reserved 1179648K
  class space    used 17015K, committed 17344K, reserved 1048576K
}
Event: 21.602 GC heap before
{Heap before GC invocations=52 (full 0):
 garbage-first heap   total 260096K, used 215047K [0x0000000080000000, 0x0000000100000000)
  region size 1024K, 49 young (50176K), 5 survivors (5120K)
 Metaspace       used 117673K, committed 118464K, reserved 1179648K
  class space    used 17097K, committed 17472K, reserved 1048576K
}
Event: 21.609 GC heap after
{Heap after GC invocations=53 (full 0):
 garbage-first heap   total 260096K, used 178260K [0x0000000080000000, 0x0000000100000000)
  region size 1024K, 7 young (7168K), 7 survivors (7168K)
 Metaspace       used 117673K, committed 118464K, reserved 1179648K
  class space    used 17097K, committed 17472K, reserved 1048576K
}
Event: 21.734 GC heap before
{Heap before GC invocations=54 (full 0):
 garbage-first heap   total 324608K, used 217172K [0x0000000080000000, 0x0000000100000000)
  region size 1024K, 45 young (46080K), 7 survivors (7168K)
 Metaspace       used 117958K, committed 118656K, reserved 1179648K
  class space    used 17195K, committed 17536K, reserved 1048576K
}
Event: 21.741 GC heap after
{Heap after GC invocations=55 (full 0):
 garbage-first heap   total 324608K, used 184165K [0x0000000080000000, 0x0000000100000000)
  region size 1024K, 6 young (6144K), 6 survivors (6144K)
 Metaspace       used 117958K, committed 118656K, reserved 1179648K
  class space    used 17195K, committed 17536K, reserved 1048576K
}
Event: 21.774 GC heap before
{Heap before GC invocations=55 (full 0):
 garbage-first heap   total 324608K, used 193381K [0x0000000080000000, 0x0000000100000000)
  region size 1024K, 15 young (15360K), 6 survivors (6144K)
 Metaspace       used 118129K, committed 118848K, reserved 1179648K
  class space    used 17222K, committed 17536K, reserved 1048576K
}

