# JRE version: OpenJDK Runtime Environment (17.0.10) (build 17.0.10+0--11572160)
# Java VM: OpenJDK 64-Bit Server VM (17.0.10+0--11572160, mixed mode, tiered, compressed oops, compressed class ptrs, g1 gc, windows-amd64)
GC Precious Log:
 CPUs: 16 total, 16 available
 Memory: 15753M
 Large Page Support: Disabled
 NUMA Support: Disabled
 Compressed Oops: Enabled (32-bit)
 Heap Region Size: 1M
 Heap Min Capacity: 8M
 Heap Initial Capacity: 248M
 Heap Max Capacity: 2G
 Pre-touch: Disabled
 Parallel Workers: 13
 Concurrent Workers: 3
 Concurrent Refinement Workers: 13
 Periodic GC: Disabled
Heap:
 garbage-first heap   total 177152K, used 110108K [0x0000000080000000, 0x0000000100000000)
  region size 1024K, 51 young (52224K), 9 survivors (9216K)
 Metaspace       used 74701K, committed 75328K, reserved 1114112K
  class space    used 10009K, committed 10304K, reserved 1048576K
GC Heap History (20 events):
Event: 9.744 GC heap before
{Heap before GC invocations=17 (full 0):
 garbage-first heap   total 71680K, used 60145K [0x0000000080000000, 0x0000000100000000)
  region size 1024K, 22 young (22528K), 1 survivors (1024K)
 Metaspace       used 55709K, committed 56256K, reserved 1114112K
  class space    used 7529K, committed 7808K, reserved 1048576K
}
Event: 9.748 GC heap after
{Heap after GC invocations=18 (full 0):
 garbage-first heap   total 86016K, used 37845K [0x0000000080000000, 0x0000000100000000)
  region size 1024K, 3 young (3072K), 3 survivors (3072K)
 Metaspace       used 55709K, committed 56256K, reserved 1114112K
  class space    used 7529K, committed 7808K, reserved 1048576K
}
Event: 10.456 GC heap before
{Heap before GC invocations=18 (full 0):
 garbage-first heap   total 86016K, used 67541K [0x0000000080000000, 0x0000000100000000)
  region size 1024K, 32 young (32768K), 3 survivors (3072K)
 Metaspace       used 57778K, committed 58304K, reserved 1114112K
  class space    used 7880K, committed 8128K, reserved 1048576K
}
Event: 10.463 GC heap after
{Heap after GC invocations=19 (full 0):
 garbage-first heap   total 86016K, used 43215K [0x0000000080000000, 0x0000000100000000)
  region size 1024K, 4 young (4096K), 4 survivors (4096K)
 Metaspace       used 57778K, committed 58304K, reserved 1114112K
  class space    used 7880K, committed 8128K, reserved 1048576K
}
Event: 10.567 GC heap before
{Heap before GC invocations=19 (full 0):
 garbage-first heap   total 86016K, used 64719K [0x0000000080000000, 0x0000000100000000)
  region size 1024K, 26 young (26624K), 4 survivors (4096K)
 Metaspace       used 58004K, committed 58560K, reserved 1114112K
  class space    used 7886K, committed 8128K, reserved 1048576K
}
Event: 10.572 GC heap after
{Heap after GC invocations=20 (full 0):
 garbage-first heap   total 86016K, used 46408K [0x0000000080000000, 0x0000000100000000)
  region size 1024K, 4 young (4096K), 4 survivors (4096K)
 Metaspace       used 58004K, committed 58560K, reserved 1114112K
  class space    used 7886K, committed 8128K, reserved 1048576K
}
Event: 10.825 GC heap before
{Heap before GC invocations=21 (full 0):
 garbage-first heap   total 94208K, used 70984K [0x0000000080000000, 0x0000000100000000)
  region size 1024K, 24 young (24576K), 4 survivors (4096K)
 Metaspace       used 58396K, committed 58944K, reserved 1114112K
  class space    used 7929K, committed 8192K, reserved 1048576K
}
Event: 10.829 GC heap after
{Heap after GC invocations=22 (full 0):
 garbage-first heap   total 94208K, used 55106K [0x0000000080000000, 0x0000000100000000)
  region size 1024K, 3 young (3072K), 3 survivors (3072K)
 Metaspace       used 58396K, committed 58944K, reserved 1114112K
  class space    used 7929K, committed 8192K, reserved 1048576K
}
Event: 10.844 GC heap before
{Heap before GC invocations=22 (full 0):
 garbage-first heap   total 94208K, used 57154K [0x0000000080000000, 0x0000000100000000)
  region size 1024K, 4 young (4096K), 3 survivors (3072K)
 Metaspace       used 58419K, committed 59008K, reserved 1114112K
  class space    used 7931K, committed 8192K, reserved 1048576K
}
Event: 10.848 GC heap after
{Heap after GC invocations=23 (full 0):
 garbage-first heap   total 94208K, used 57127K [0x0000000080000000, 0x0000000100000000)
  region size 1024K, 1 young (1024K), 1 survivors (1024K)
 Metaspace       used 58419K, committed 59008K, reserved 1114112K
  class space    used 7931K, committed 8192K, reserved 1048576K
}
Event: 11.119 GC heap before
{Heap before GC invocations=23 (full 0):
 garbage-first heap   total 94208K, used 72487K [0x0000000080000000, 0x0000000100000000)
  region size 1024K, 16 young (16384K), 1 survivors (1024K)
 Metaspace       used 59546K, committed 60160K, reserved 1114112K
  class space    used 8093K, committed 8384K, reserved 1048576K
}
Event: 11.122 GC heap after
{Heap after GC invocations=24 (full 0):
 garbage-first heap   total 94208K, used 58155K [0x0000000080000000, 0x0000000100000000)
  region size 1024K, 2 young (2048K), 2 survivors (2048K)
 Metaspace       used 59546K, committed 60160K, reserved 1114112K
  class space    used 8093K, committed 8384K, reserved 1048576K
}
Event: 11.397 GC heap before
{Heap before GC invocations=25 (full 0):
 garbage-first heap   total 106496K, used 74539K [0x0000000080000000, 0x0000000100000000)
  region size 1024K, 17 young (17408K), 2 survivors (2048K)
 Metaspace       used 60724K, committed 61312K, reserved 1114112K
  class space    used 8250K, committed 8512K, reserved 1048576K
}
Event: 11.399 GC heap after
{Heap after GC invocations=26 (full 0):
 garbage-first heap   total 106496K, used 59416K [0x0000000080000000, 0x0000000100000000)
  region size 1024K, 2 young (2048K), 2 survivors (2048K)
 Metaspace       used 60724K, committed 61312K, reserved 1114112K
  class space    used 8250K, committed 8512K, reserved 1048576K
}
Event: 11.448 GC heap before
{Heap before GC invocations=26 (full 0):
 garbage-first heap   total 106496K, used 62488K [0x0000000080000000, 0x0000000100000000)
  region size 1024K, 5 young (5120K), 2 survivors (2048K)
 Metaspace       used 60959K, committed 61568K, reserved 1114112K
  class space    used 8284K, committed 8576K, reserved 1048576K
}
Event: 11.451 GC heap after
{Heap after GC invocations=27 (full 0):
 garbage-first heap   total 177152K, used 59049K [0x0000000080000000, 0x0000000100000000)
  region size 1024K, 1 young (1024K), 1 survivors (1024K)
 Metaspace       used 60959K, committed 61568K, reserved 1114112K
  class space    used 8284K, committed 8576K, reserved 1048576K
}
Event: 12.668 GC heap before
{Heap before GC invocations=27 (full 0):
 garbage-first heap   total 177152K, used 129705K [0x0000000080000000, 0x0000000100000000)
  region size 1024K, 70 young (71680K), 1 survivors (1024K)
 Metaspace       used 68459K, committed 69056K, reserved 1114112K
  class space    used 9186K, committed 9472K, reserved 1048576K
}
Event: 12.673 GC heap after
{Heap after GC invocations=28 (full 0):
 garbage-first heap   total 177152K, used 60958K [0x0000000080000000, 0x0000000100000000)
  region size 1024K, 3 young (3072K), 3 survivors (3072K)
 Metaspace       used 68459K, committed 69056K, reserved 1114112K
  class space    used 9186K, committed 9472K, reserved 1048576K
}
Event: 14.018 GC heap before
{Heap before GC invocations=28 (full 0):
 garbage-first heap   total 177152K, used 141854K [0x0000000080000000, 0x0000000100000000)
  region size 1024K, 77 young (78848K), 3 survivors (3072K)
 Metaspace       used 74260K, committed 74880K, reserved 1114112K
  class space    used 9927K, committed 10176K, reserved 1048576K
}
Event: 14.025 GC heap after
{Heap after GC invocations=29 (full 0):
 garbage-first heap   total 177152K, used 68124K [0x0000000080000000, 0x0000000100000000)
  region size 1024K, 9 young (9216K), 9 survivors (9216K)
 Metaspace       used 74260K, committed 74880K, reserved 1114112K
  class space    used 9927K, committed 10176K, reserved 1048576K
}

